<?xml version="1.0" encoding="UTF-8"?>
<testsuites name="local_variable_test_suite" time="22.264" tests="1" failures="0" errors="0">
   <testsuite name="local_variable_test_suite" tests="1" failures="0" errors="0" time="22.264" skipped="0" timestamp="26-01-2024T18:18:36" hostname="cheta - 192.168.1.36" id="Test Suites/variable_test_suite_folder/local_variable_test_suite">
      <properties>
         <property name="deviceName" value=""/>
         <property name="devicePlatform" value=""/>
         <property name="logFolder" value="C:\\Users\\cheta\\git\\SI-GuidedProject-705826-1704943913\\SI-GuidedProject-705826-1704943913\\SI-GuidedProject-705826-1704943913\\Reports\\20240126_181631\\variable_test_suite_folder\\local_variable_test_suite\\20240126_181646"/>
         <property name="logFiles" value="C:\\Users\\cheta\\git\\SI-GuidedProject-705826-1704943913\\SI-GuidedProject-705826-1704943913\\SI-GuidedProject-705826-1704943913\\Reports\\20240126_181631\\variable_test_suite_folder\\local_variable_test_suite\\20240126_181646\\execution0.log"/>
         <property name="attachments" value=""/>
         <property name="hostName" value="cheta - 192.168.1.36"/>
         <property name="os" value="Windows 11 64bit"/>
         <property name="katalonVersion" value="9.1.0.212"/>
         <property name="browser" value="Chrome 120.0.0.0"/>
         <property name="hostAddress" value="192.168.1.36"/>
         <property name="sessionId" value="2096e2ca13115d51917c98ab8468ec75"/>
         <property name="seleniumVersion" value="3.141.59"/>
         <property name="proxyInformation" value="ProxyInformation { proxyOption=NO_PROXY, proxyServerType=HTTP, username=, password=********, proxyServerAddress=, proxyServerPort=0, executionList=&quot;&quot;, isApplyToDesiredCapabilities=true }"/>
         <property name="platform" value="Windows 11"/>
      </properties>
      <testcase name="Test Cases/variable_testcase_folder/local_variable_tc_006" time="21.738" classname="Test Cases/variable_testcase_folder/local_variable_tc_006" status="PASSED">
         <system-out><![CDATA[26-01-2024T18:18:36 - [TEST_CASE][PASSED] - Test Cases/variable_testcase_folder/local_variable_tc_006: Test Cases/variable_testcase_folder/local_variable_tc_006

26-01-2024T18:18:37 - [TEST_STEP][PASSED] - Start listener action : sampleBeforeTestCase: Navigate to 'https://www.amazon.in/' successfully

26-01-2024T18:18:37 - [TEST_STEP][PASSED] - openBrowser(""): Browser is opened with url: ''

26-01-2024T18:18:38 - [MESSAGE][INFO] - Starting 'Chrome' driver

26-01-2024T18:18:38 - [MESSAGE][INFO] - Action delay is set to 0 milliseconds

26-01-2024T18:18:41 - [MESSAGE][PASSED] - Browser is opened with url: ''

26-01-2024T18:18:41 - [TEST_STEP][PASSED] - navigateToUrl("https://www.amazon.in/"): Navigate to 'https://www.amazon.in/' successfully

26-01-2024T18:18:43 - [MESSAGE][PASSED] - Navigate to 'https://www.amazon.in/' successfully

26-01-2024T18:18:44 - [TEST_STEP][PASSED] - openBrowser(""): Browser is opened with url: ''

26-01-2024T18:18:44 - [MESSAGE][WARNING] - A browser is already opened. Closing browser and opening a new one

26-01-2024T18:18:44 - [MESSAGE][INFO] - Starting 'Chrome' driver

26-01-2024T18:18:44 - [MESSAGE][INFO] - Action delay is set to 0 milliseconds

26-01-2024T18:18:47 - [MESSAGE][PASSED] - Browser is opened with url: ''

26-01-2024T18:18:47 - [TEST_STEP][PASSED] - navigateToUrl("https://www.amazon.in/"): Navigate to 'https://www.amazon.in/' successfully

26-01-2024T18:18:50 - [MESSAGE][PASSED] - Navigate to 'https://www.amazon.in/' successfully

26-01-2024T18:18:50 - [TEST_STEP][PASSED] - click(findTestObject("Object Repository/Page_Online Shopping site in India Shop Onl_10c5f3/span_Update location")): Object: 'Object Repository/Page_Online Shopping site in India Shop Onl_10c5f3/span_Update location' is clicked on

26-01-2024T18:18:52 - [MESSAGE][PASSED] - Object: 'Object Repository/Page_Online Shopping site in India Shop Onl_10c5f3/span_Update location' is clicked on

26-01-2024T18:18:52 - [TEST_STEP][PASSED] - setText(findTestObject("Object Repository/Page_Online Shopping site in India Shop Onl_10c5f3/inputGLUXZipUpdateInput"), pincode): Text '533291' is set on object 'Object Repository/Page_Online Shopping site in India Shop Onl_10c5f3/inputGLUXZipUpdateInput'

26-01-2024T18:18:56 - [MESSAGE][PASSED] - Text '533291' is set on object 'Object Repository/Page_Online Shopping site in India Shop Onl_10c5f3/inputGLUXZipUpdateInput'

26-01-2024T18:18:56 - [TEST_STEP][PASSED] - click(findTestObject("Object Repository/Page_Online Shopping site in India Shop Onl_10c5f3/input_a-button-input")): Object: 'Object Repository/Page_Online Shopping site in India Shop Onl_10c5f3/input_a-button-input' is clicked on

26-01-2024T18:18:58 - [MESSAGE][PASSED] - Object: 'Object Repository/Page_Online Shopping site in India Shop Onl_10c5f3/input_a-button-input' is clicked on

26-01-2024T18:18:58 - [TEST_STEP][PASSED] - Start listener action : sampleAfterTestCase: Browser is closed

26-01-2024T18:18:58 - [TEST_STEP][PASSED] - closeBrowser(): Browser is closed

26-01-2024T18:18:58 - [MESSAGE][PASSED] - Browser is closed]]></system-out>
         <system-err><![CDATA[]]></system-err>
      </testcase>
      <system-out><![CDATA[26-01-2024T18:18:36 - [TEST_SUITE][PASSED] - local_variable_test_suite: Test Cases/variable_testcase_folder/local_variable_tc_006]]></system-out>
      <system-err><![CDATA[]]></system-err>
   </testsuite>
</testsuites>
