<?xml version="1.0" encoding="UTF-8"?>
<testsuites name="deliveryadress_ts_003" time="44.635" tests="5" failures="0" errors="0">
   <testsuite name="deliveryadress_ts_003" tests="5" failures="0" errors="0" time="44.635" skipped="0" timestamp="26-01-2024T15:24:13" hostname="cheta - 192.168.1.36" id="Test Suites/deliveryadress_ts_003">
      <properties>
         <property name="deviceName" value=""/>
         <property name="devicePlatform" value=""/>
         <property name="logFolder" value="C:\\Users\\cheta\\git\\SI-GuidedProject-705826-1704943913\\SI-GuidedProject-705826-1704943913\\SI-GuidedProject-705826-1704943913\\Reports\\20240126_152407\\deliveryadress_ts_003\\20240126_152407"/>
         <property name="logFiles" value="C:\\Users\\cheta\\git\\SI-GuidedProject-705826-1704943913\\SI-GuidedProject-705826-1704943913\\SI-GuidedProject-705826-1704943913\\Reports\\20240126_152407\\deliveryadress_ts_003\\20240126_152407\\execution0.log"/>
         <property name="attachments" value=""/>
         <property name="hostName" value="cheta - 192.168.1.36"/>
         <property name="os" value="Windows 11 64bit"/>
         <property name="katalonVersion" value="9.1.0.212"/>
         <property name="browser" value="Chrome 120.0.0.0"/>
         <property name="hostAddress" value="192.168.1.36"/>
         <property name="sessionId" value="2ac861084fcd3ba6824e6dcc34ab8a26"/>
         <property name="seleniumVersion" value="3.141.59"/>
         <property name="proxyInformation" value="ProxyInformation { proxyOption=NO_PROXY, proxyServerType=HTTP, username=, password=********, proxyServerAddress=, proxyServerPort=0, executionList=&quot;&quot;, isApplyToDesiredCapabilities=true }"/>
         <property name="platform" value="Windows 11"/>
      </properties>
      <testcase name="Test Cases/Data_driven_testing_folder/delivery_adress_tc_003" time="8.736" classname="Test Cases/Data_driven_testing_folder/delivery_adress_tc_003" status="PASSED">
         <system-out><![CDATA[26-01-2024T15:24:14 - [TEST_CASE][PASSED] - Test Cases/Data_driven_testing_folder/delivery_adress_tc_003: Test Cases/Data_driven_testing_folder/delivery_adress_tc_003

26-01-2024T15:24:14 - [TEST_STEP][PASSED] - openBrowser(""): Browser is opened with url: ''

26-01-2024T15:24:15 - [MESSAGE][INFO] - Starting 'Chrome' driver

26-01-2024T15:24:15 - [MESSAGE][INFO] - Action delay is set to 0 milliseconds

26-01-2024T15:24:17 - [MESSAGE][PASSED] - Browser is opened with url: ''

26-01-2024T15:24:17 - [TEST_STEP][PASSED] - navigateToUrl("https://www.amazon.in/"): Navigate to 'https://www.amazon.in/' successfully

26-01-2024T15:24:19 - [MESSAGE][PASSED] - Navigate to 'https://www.amazon.in/' successfully

26-01-2024T15:24:19 - [TEST_STEP][PASSED] - click(findTestObject("Object Repository/Page_Online Shopping site in India Shop Onl_10c5f3/span_Update location")): Object: 'Object Repository/Page_Online Shopping site in India Shop Onl_10c5f3/span_Update location' is clicked on

26-01-2024T15:24:20 - [MESSAGE][PASSED] - Object: 'Object Repository/Page_Online Shopping site in India Shop Onl_10c5f3/span_Update location' is clicked on

26-01-2024T15:24:20 - [TEST_STEP][PASSED] - setText(findTestObject("Object Repository/Page_Online Shopping site in India Shop Onl_10c5f3/inputGLUXZipUpdateInput"), pincode): Text '533291' is set on object 'Object Repository/Page_Online Shopping site in India Shop Onl_10c5f3/inputGLUXZipUpdateInput'

26-01-2024T15:24:22 - [MESSAGE][PASSED] - Text '533291' is set on object 'Object Repository/Page_Online Shopping site in India Shop Onl_10c5f3/inputGLUXZipUpdateInput'

26-01-2024T15:24:22 - [TEST_STEP][PASSED] - click(findTestObject("Object Repository/Page_Online Shopping site in India Shop Onl_10c5f3/input_a-button-input")): Object: 'Object Repository/Page_Online Shopping site in India Shop Onl_10c5f3/input_a-button-input' is clicked on

26-01-2024T15:24:22 - [MESSAGE][PASSED] - Object: 'Object Repository/Page_Online Shopping site in India Shop Onl_10c5f3/input_a-button-input' is clicked on]]></system-out>
         <system-err><![CDATA[]]></system-err>
      </testcase>
      <testcase name="Test Cases/Data_driven_testing_folder/delivery_adress_tc_003" time="15.303" classname="Test Cases/Data_driven_testing_folder/delivery_adress_tc_003" status="PASSED">
         <system-out><![CDATA[26-01-2024T15:24:22 - [TEST_CASE][PASSED] - Test Cases/Data_driven_testing_folder/delivery_adress_tc_003: Test Cases/Data_driven_testing_folder/delivery_adress_tc_003

26-01-2024T15:24:23 - [TEST_STEP][PASSED] - openBrowser(""): Browser is opened with url: ''

26-01-2024T15:24:23 - [MESSAGE][WARNING] - A browser is already opened. Closing browser and opening a new one

26-01-2024T15:24:23 - [MESSAGE][INFO] - Starting 'Chrome' driver

26-01-2024T15:24:23 - [MESSAGE][INFO] - Action delay is set to 0 milliseconds

26-01-2024T15:24:25 - [MESSAGE][PASSED] - Browser is opened with url: ''

26-01-2024T15:24:25 - [TEST_STEP][PASSED] - navigateToUrl("https://www.amazon.in/"): Navigate to 'https://www.amazon.in/' successfully

26-01-2024T15:24:26 - [MESSAGE][PASSED] - Navigate to 'https://www.amazon.in/' successfully

26-01-2024T15:24:26 - [TEST_STEP][PASSED] - click(findTestObject("Object Repository/Page_Online Shopping site in India Shop Onl_10c5f3/span_Update location")): Object: 'Object Repository/Page_Online Shopping site in India Shop Onl_10c5f3/span_Update location' is clicked on

26-01-2024T15:24:36 - [MESSAGE][PASSED] - Object: 'Object Repository/Page_Online Shopping site in India Shop Onl_10c5f3/span_Update location' is clicked on

26-01-2024T15:24:36 - [TEST_STEP][PASSED] - setText(findTestObject("Object Repository/Page_Online Shopping site in India Shop Onl_10c5f3/inputGLUXZipUpdateInput"), pincode): Text '533294' is set on object 'Object Repository/Page_Online Shopping site in India Shop Onl_10c5f3/inputGLUXZipUpdateInput'

26-01-2024T15:24:37 - [MESSAGE][PASSED] - Text '533294' is set on object 'Object Repository/Page_Online Shopping site in India Shop Onl_10c5f3/inputGLUXZipUpdateInput'

26-01-2024T15:24:37 - [TEST_STEP][PASSED] - click(findTestObject("Object Repository/Page_Online Shopping site in India Shop Onl_10c5f3/input_a-button-input")): Object: 'Object Repository/Page_Online Shopping site in India Shop Onl_10c5f3/input_a-button-input' is clicked on

26-01-2024T15:24:38 - [MESSAGE][PASSED] - Object: 'Object Repository/Page_Online Shopping site in India Shop Onl_10c5f3/input_a-button-input' is clicked on]]></system-out>
         <system-err><![CDATA[]]></system-err>
      </testcase>
      <testcase name="Test Cases/Data_driven_testing_folder/delivery_adress_tc_003" time="6.831" classname="Test Cases/Data_driven_testing_folder/delivery_adress_tc_003" status="PASSED">
         <system-out><![CDATA[26-01-2024T15:24:38 - [TEST_CASE][PASSED] - Test Cases/Data_driven_testing_folder/delivery_adress_tc_003: Test Cases/Data_driven_testing_folder/delivery_adress_tc_003

26-01-2024T15:24:38 - [TEST_STEP][PASSED] - openBrowser(""): Browser is opened with url: ''

26-01-2024T15:24:38 - [MESSAGE][WARNING] - A browser is already opened. Closing browser and opening a new one

26-01-2024T15:24:38 - [MESSAGE][INFO] - Starting 'Chrome' driver

26-01-2024T15:24:38 - [MESSAGE][INFO] - Action delay is set to 0 milliseconds

26-01-2024T15:24:40 - [MESSAGE][PASSED] - Browser is opened with url: ''

26-01-2024T15:24:40 - [TEST_STEP][PASSED] - navigateToUrl("https://www.amazon.in/"): Navigate to 'https://www.amazon.in/' successfully

26-01-2024T15:24:42 - [MESSAGE][PASSED] - Navigate to 'https://www.amazon.in/' successfully

26-01-2024T15:24:42 - [TEST_STEP][PASSED] - click(findTestObject("Object Repository/Page_Online Shopping site in India Shop Onl_10c5f3/span_Update location")): Object: 'Object Repository/Page_Online Shopping site in India Shop Onl_10c5f3/span_Update location' is clicked on

26-01-2024T15:24:43 - [MESSAGE][PASSED] - Object: 'Object Repository/Page_Online Shopping site in India Shop Onl_10c5f3/span_Update location' is clicked on

26-01-2024T15:24:43 - [TEST_STEP][PASSED] - setText(findTestObject("Object Repository/Page_Online Shopping site in India Shop Onl_10c5f3/inputGLUXZipUpdateInput"), pincode): Text '533201' is set on object 'Object Repository/Page_Online Shopping site in India Shop Onl_10c5f3/inputGLUXZipUpdateInput'

26-01-2024T15:24:44 - [MESSAGE][PASSED] - Text '533201' is set on object 'Object Repository/Page_Online Shopping site in India Shop Onl_10c5f3/inputGLUXZipUpdateInput'

26-01-2024T15:24:44 - [TEST_STEP][PASSED] - click(findTestObject("Object Repository/Page_Online Shopping site in India Shop Onl_10c5f3/input_a-button-input")): Object: 'Object Repository/Page_Online Shopping site in India Shop Onl_10c5f3/input_a-button-input' is clicked on

26-01-2024T15:24:45 - [MESSAGE][PASSED] - Object: 'Object Repository/Page_Online Shopping site in India Shop Onl_10c5f3/input_a-button-input' is clicked on]]></system-out>
         <system-err><![CDATA[]]></system-err>
      </testcase>
      <testcase name="Test Cases/Data_driven_testing_folder/delivery_adress_tc_003" time="6.497" classname="Test Cases/Data_driven_testing_folder/delivery_adress_tc_003" status="PASSED">
         <system-out><![CDATA[26-01-2024T15:24:45 - [TEST_CASE][PASSED] - Test Cases/Data_driven_testing_folder/delivery_adress_tc_003: Test Cases/Data_driven_testing_folder/delivery_adress_tc_003

26-01-2024T15:24:45 - [TEST_STEP][PASSED] - openBrowser(""): Browser is opened with url: ''

26-01-2024T15:24:45 - [MESSAGE][WARNING] - A browser is already opened. Closing browser and opening a new one

26-01-2024T15:24:45 - [MESSAGE][INFO] - Starting 'Chrome' driver

26-01-2024T15:24:45 - [MESSAGE][INFO] - Action delay is set to 0 milliseconds

26-01-2024T15:24:47 - [MESSAGE][PASSED] - Browser is opened with url: ''

26-01-2024T15:24:47 - [TEST_STEP][PASSED] - navigateToUrl("https://www.amazon.in/"): Navigate to 'https://www.amazon.in/' successfully

26-01-2024T15:24:48 - [MESSAGE][PASSED] - Navigate to 'https://www.amazon.in/' successfully

26-01-2024T15:24:48 - [TEST_STEP][PASSED] - click(findTestObject("Object Repository/Page_Online Shopping site in India Shop Onl_10c5f3/span_Update location")): Object: 'Object Repository/Page_Online Shopping site in India Shop Onl_10c5f3/span_Update location' is clicked on

26-01-2024T15:24:49 - [MESSAGE][PASSED] - Object: 'Object Repository/Page_Online Shopping site in India Shop Onl_10c5f3/span_Update location' is clicked on

26-01-2024T15:24:49 - [TEST_STEP][PASSED] - setText(findTestObject("Object Repository/Page_Online Shopping site in India Shop Onl_10c5f3/inputGLUXZipUpdateInput"), pincode): Text '533101' is set on object 'Object Repository/Page_Online Shopping site in India Shop Onl_10c5f3/inputGLUXZipUpdateInput'

26-01-2024T15:24:51 - [MESSAGE][PASSED] - Text '533101' is set on object 'Object Repository/Page_Online Shopping site in India Shop Onl_10c5f3/inputGLUXZipUpdateInput'

26-01-2024T15:24:51 - [TEST_STEP][PASSED] - click(findTestObject("Object Repository/Page_Online Shopping site in India Shop Onl_10c5f3/input_a-button-input")): Object: 'Object Repository/Page_Online Shopping site in India Shop Onl_10c5f3/input_a-button-input' is clicked on

26-01-2024T15:24:51 - [MESSAGE][PASSED] - Object: 'Object Repository/Page_Online Shopping site in India Shop Onl_10c5f3/input_a-button-input' is clicked on]]></system-out>
         <system-err><![CDATA[]]></system-err>
      </testcase>
      <testcase name="Test Cases/Data_driven_testing_folder/delivery_adress_tc_003" time="6.698" classname="Test Cases/Data_driven_testing_folder/delivery_adress_tc_003" status="PASSED">
         <system-out><![CDATA[26-01-2024T15:24:51 - [TEST_CASE][PASSED] - Test Cases/Data_driven_testing_folder/delivery_adress_tc_003: Test Cases/Data_driven_testing_folder/delivery_adress_tc_003

26-01-2024T15:24:51 - [TEST_STEP][PASSED] - openBrowser(""): Browser is opened with url: ''

26-01-2024T15:24:51 - [MESSAGE][WARNING] - A browser is already opened. Closing browser and opening a new one

26-01-2024T15:24:52 - [MESSAGE][INFO] - Starting 'Chrome' driver

26-01-2024T15:24:52 - [MESSAGE][INFO] - Action delay is set to 0 milliseconds

26-01-2024T15:24:53 - [MESSAGE][PASSED] - Browser is opened with url: ''

26-01-2024T15:24:53 - [TEST_STEP][PASSED] - navigateToUrl("https://www.amazon.in/"): Navigate to 'https://www.amazon.in/' successfully

26-01-2024T15:24:55 - [MESSAGE][PASSED] - Navigate to 'https://www.amazon.in/' successfully

26-01-2024T15:24:55 - [TEST_STEP][PASSED] - click(findTestObject("Object Repository/Page_Online Shopping site in India Shop Onl_10c5f3/span_Update location")): Object: 'Object Repository/Page_Online Shopping site in India Shop Onl_10c5f3/span_Update location' is clicked on

26-01-2024T15:24:56 - [MESSAGE][PASSED] - Object: 'Object Repository/Page_Online Shopping site in India Shop Onl_10c5f3/span_Update location' is clicked on

26-01-2024T15:24:56 - [TEST_STEP][PASSED] - setText(findTestObject("Object Repository/Page_Online Shopping site in India Shop Onl_10c5f3/inputGLUXZipUpdateInput"), pincode): Text '533245' is set on object 'Object Repository/Page_Online Shopping site in India Shop Onl_10c5f3/inputGLUXZipUpdateInput'

26-01-2024T15:24:57 - [MESSAGE][PASSED] - Text '533245' is set on object 'Object Repository/Page_Online Shopping site in India Shop Onl_10c5f3/inputGLUXZipUpdateInput'

26-01-2024T15:24:57 - [TEST_STEP][PASSED] - click(findTestObject("Object Repository/Page_Online Shopping site in India Shop Onl_10c5f3/input_a-button-input")): Object: 'Object Repository/Page_Online Shopping site in India Shop Onl_10c5f3/input_a-button-input' is clicked on

26-01-2024T15:24:58 - [MESSAGE][PASSED] - Object: 'Object Repository/Page_Online Shopping site in India Shop Onl_10c5f3/input_a-button-input' is clicked on]]></system-out>
         <system-err><![CDATA[]]></system-err>
      </testcase>
      <system-out><![CDATA[26-01-2024T15:24:13 - [TEST_SUITE][PASSED] - deliveryadress_ts_003: Test Cases/Data_driven_testing_folder/delivery_adress_tc_003]]></system-out>
      <system-err><![CDATA[]]></system-err>
   </testsuite>
</testsuites>
