<?xml version="1.0" encoding="UTF-8"?>
<testsuites name="deliveryadress_ts_003" time="55.458" tests="5" failures="0" errors="0">
   <testsuite name="deliveryadress_ts_003" tests="5" failures="0" errors="0" time="55.458" skipped="0" timestamp="26-01-2024T18:17:27" hostname="cheta - 192.168.1.36" id="Test Suites/data_driven_testing_ts_folder/deliveryadress_ts_003">
      <properties>
         <property name="deviceName" value=""/>
         <property name="devicePlatform" value=""/>
         <property name="logFolder" value="C:\\Users\\cheta\\git\\SI-GuidedProject-705826-1704943913\\SI-GuidedProject-705826-1704943913\\SI-GuidedProject-705826-1704943913\\Reports\\20240126_181631\\data_driven_testing_ts_folder\\deliveryadress_ts_003\\20240126_181640"/>
         <property name="logFiles" value="C:\\Users\\cheta\\git\\SI-GuidedProject-705826-1704943913\\SI-GuidedProject-705826-1704943913\\SI-GuidedProject-705826-1704943913\\Reports\\20240126_181631\\data_driven_testing_ts_folder\\deliveryadress_ts_003\\20240126_181640\\execution0.log"/>
         <property name="attachments" value=""/>
         <property name="hostName" value="cheta - 192.168.1.36"/>
         <property name="os" value="Windows 11 64bit"/>
         <property name="katalonVersion" value="9.1.0.212"/>
         <property name="browser" value="Chrome 120.0.0.0"/>
         <property name="hostAddress" value="192.168.1.36"/>
         <property name="sessionId" value="067749c283bfce535a33bb638b653849"/>
         <property name="seleniumVersion" value="3.141.59"/>
         <property name="proxyInformation" value="ProxyInformation { proxyOption=NO_PROXY, proxyServerType=HTTP, username=, password=********, proxyServerAddress=, proxyServerPort=0, executionList=&quot;&quot;, isApplyToDesiredCapabilities=true }"/>
         <property name="platform" value="Windows 11"/>
      </properties>
      <testcase name="Test Cases/Data_driven_testing_folder/delivery_adress_tc_003" time="16.338" classname="Test Cases/Data_driven_testing_folder/delivery_adress_tc_003" status="PASSED">
         <system-out><![CDATA[26-01-2024T18:17:28 - [TEST_CASE][PASSED] - Test Cases/Data_driven_testing_folder/delivery_adress_tc_003: Test Cases/Data_driven_testing_folder/delivery_adress_tc_003

26-01-2024T18:17:28 - [TEST_STEP][PASSED] - Start listener action : sampleBeforeTestCase: Navigate to 'https://www.amazon.in/' successfully

26-01-2024T18:17:28 - [TEST_STEP][PASSED] - openBrowser(""): Browser is opened with url: ''

26-01-2024T18:17:29 - [MESSAGE][INFO] - Starting 'Chrome' driver

26-01-2024T18:17:30 - [MESSAGE][INFO] - Action delay is set to 0 milliseconds

26-01-2024T18:17:36 - [MESSAGE][PASSED] - Browser is opened with url: ''

26-01-2024T18:17:36 - [TEST_STEP][PASSED] - navigateToUrl("https://www.amazon.in/"): Navigate to 'https://www.amazon.in/' successfully

26-01-2024T18:17:38 - [MESSAGE][PASSED] - Navigate to 'https://www.amazon.in/' successfully

26-01-2024T18:17:38 - [TEST_STEP][PASSED] - click(findTestObject("Object Repository/Page_Online Shopping site in India Shop Onl_10c5f3/span_Update location")): Object: 'Object Repository/Page_Online Shopping site in India Shop Onl_10c5f3/span_Update location' is clicked on

26-01-2024T18:17:40 - [MESSAGE][PASSED] - Object: 'Object Repository/Page_Online Shopping site in India Shop Onl_10c5f3/span_Update location' is clicked on

26-01-2024T18:17:40 - [TEST_STEP][PASSED] - setText(findTestObject("Object Repository/Page_Online Shopping site in India Shop Onl_10c5f3/inputGLUXZipUpdateInput"), pincode): Text '533291' is set on object 'Object Repository/Page_Online Shopping site in India Shop Onl_10c5f3/inputGLUXZipUpdateInput'

26-01-2024T18:17:42 - [MESSAGE][PASSED] - Text '533291' is set on object 'Object Repository/Page_Online Shopping site in India Shop Onl_10c5f3/inputGLUXZipUpdateInput'

26-01-2024T18:17:42 - [TEST_STEP][PASSED] - click(findTestObject("Object Repository/Page_Online Shopping site in India Shop Onl_10c5f3/input_a-button-input")): Object: 'Object Repository/Page_Online Shopping site in India Shop Onl_10c5f3/input_a-button-input' is clicked on

26-01-2024T18:17:44 - [MESSAGE][PASSED] - Object: 'Object Repository/Page_Online Shopping site in India Shop Onl_10c5f3/input_a-button-input' is clicked on

26-01-2024T18:17:44 - [TEST_STEP][PASSED] - Start listener action : sampleAfterTestCase: Browser is closed

26-01-2024T18:17:44 - [TEST_STEP][PASSED] - closeBrowser(): Browser is closed

26-01-2024T18:17:44 - [MESSAGE][PASSED] - Browser is closed]]></system-out>
         <system-err><![CDATA[]]></system-err>
      </testcase>
      <testcase name="Test Cases/Data_driven_testing_folder/delivery_adress_tc_003" time="9.309" classname="Test Cases/Data_driven_testing_folder/delivery_adress_tc_003" status="PASSED">
         <system-out><![CDATA[26-01-2024T18:17:45 - [TEST_CASE][PASSED] - Test Cases/Data_driven_testing_folder/delivery_adress_tc_003: Test Cases/Data_driven_testing_folder/delivery_adress_tc_003

26-01-2024T18:17:45 - [TEST_STEP][PASSED] - Start listener action : sampleBeforeTestCase: Navigate to 'https://www.amazon.in/' successfully

26-01-2024T18:17:45 - [TEST_STEP][PASSED] - openBrowser(""): Browser is opened with url: ''

26-01-2024T18:17:45 - [MESSAGE][INFO] - Starting 'Chrome' driver

26-01-2024T18:17:45 - [MESSAGE][INFO] - Action delay is set to 0 milliseconds

26-01-2024T18:17:47 - [MESSAGE][PASSED] - Browser is opened with url: ''

26-01-2024T18:17:47 - [TEST_STEP][PASSED] - navigateToUrl("https://www.amazon.in/"): Navigate to 'https://www.amazon.in/' successfully

26-01-2024T18:17:48 - [MESSAGE][PASSED] - Navigate to 'https://www.amazon.in/' successfully

26-01-2024T18:17:48 - [TEST_STEP][PASSED] - click(findTestObject("Object Repository/Page_Online Shopping site in India Shop Onl_10c5f3/span_Update location")): Object: 'Object Repository/Page_Online Shopping site in India Shop Onl_10c5f3/span_Update location' is clicked on

26-01-2024T18:17:50 - [MESSAGE][PASSED] - Object: 'Object Repository/Page_Online Shopping site in India Shop Onl_10c5f3/span_Update location' is clicked on

26-01-2024T18:17:50 - [TEST_STEP][PASSED] - setText(findTestObject("Object Repository/Page_Online Shopping site in India Shop Onl_10c5f3/inputGLUXZipUpdateInput"), pincode): Text '533294' is set on object 'Object Repository/Page_Online Shopping site in India Shop Onl_10c5f3/inputGLUXZipUpdateInput'

26-01-2024T18:17:53 - [MESSAGE][PASSED] - Text '533294' is set on object 'Object Repository/Page_Online Shopping site in India Shop Onl_10c5f3/inputGLUXZipUpdateInput'

26-01-2024T18:17:53 - [TEST_STEP][PASSED] - click(findTestObject("Object Repository/Page_Online Shopping site in India Shop Onl_10c5f3/input_a-button-input")): Object: 'Object Repository/Page_Online Shopping site in India Shop Onl_10c5f3/input_a-button-input' is clicked on

26-01-2024T18:17:53 - [MESSAGE][PASSED] - Object: 'Object Repository/Page_Online Shopping site in India Shop Onl_10c5f3/input_a-button-input' is clicked on

26-01-2024T18:17:53 - [TEST_STEP][PASSED] - Start listener action : sampleAfterTestCase: Browser is closed

26-01-2024T18:17:53 - [TEST_STEP][PASSED] - closeBrowser(): Browser is closed

26-01-2024T18:17:54 - [MESSAGE][PASSED] - Browser is closed]]></system-out>
         <system-err><![CDATA[]]></system-err>
      </testcase>
      <testcase name="Test Cases/Data_driven_testing_folder/delivery_adress_tc_003" time="11.815" classname="Test Cases/Data_driven_testing_folder/delivery_adress_tc_003" status="PASSED">
         <system-out><![CDATA[26-01-2024T18:17:54 - [TEST_CASE][PASSED] - Test Cases/Data_driven_testing_folder/delivery_adress_tc_003: Test Cases/Data_driven_testing_folder/delivery_adress_tc_003

26-01-2024T18:17:54 - [TEST_STEP][PASSED] - Start listener action : sampleBeforeTestCase: Navigate to 'https://www.amazon.in/' successfully

26-01-2024T18:17:54 - [TEST_STEP][PASSED] - openBrowser(""): Browser is opened with url: ''

26-01-2024T18:17:54 - [MESSAGE][INFO] - Starting 'Chrome' driver

26-01-2024T18:17:54 - [MESSAGE][INFO] - Action delay is set to 0 milliseconds

26-01-2024T18:17:56 - [MESSAGE][PASSED] - Browser is opened with url: ''

26-01-2024T18:17:56 - [TEST_STEP][PASSED] - navigateToUrl("https://www.amazon.in/"): Navigate to 'https://www.amazon.in/' successfully

26-01-2024T18:18:02 - [MESSAGE][PASSED] - Navigate to 'https://www.amazon.in/' successfully

26-01-2024T18:18:02 - [TEST_STEP][PASSED] - click(findTestObject("Object Repository/Page_Online Shopping site in India Shop Onl_10c5f3/span_Update location")): Object: 'Object Repository/Page_Online Shopping site in India Shop Onl_10c5f3/span_Update location' is clicked on

26-01-2024T18:18:03 - [MESSAGE][PASSED] - Object: 'Object Repository/Page_Online Shopping site in India Shop Onl_10c5f3/span_Update location' is clicked on

26-01-2024T18:18:03 - [TEST_STEP][PASSED] - setText(findTestObject("Object Repository/Page_Online Shopping site in India Shop Onl_10c5f3/inputGLUXZipUpdateInput"), pincode): Text '533201' is set on object 'Object Repository/Page_Online Shopping site in India Shop Onl_10c5f3/inputGLUXZipUpdateInput'

26-01-2024T18:18:05 - [MESSAGE][PASSED] - Text '533201' is set on object 'Object Repository/Page_Online Shopping site in India Shop Onl_10c5f3/inputGLUXZipUpdateInput'

26-01-2024T18:18:05 - [TEST_STEP][PASSED] - click(findTestObject("Object Repository/Page_Online Shopping site in India Shop Onl_10c5f3/input_a-button-input")): Object: 'Object Repository/Page_Online Shopping site in India Shop Onl_10c5f3/input_a-button-input' is clicked on

26-01-2024T18:18:05 - [MESSAGE][PASSED] - Object: 'Object Repository/Page_Online Shopping site in India Shop Onl_10c5f3/input_a-button-input' is clicked on

26-01-2024T18:18:05 - [TEST_STEP][PASSED] - Start listener action : sampleAfterTestCase: Browser is closed

26-01-2024T18:18:05 - [TEST_STEP][PASSED] - closeBrowser(): Browser is closed

26-01-2024T18:18:06 - [MESSAGE][PASSED] - Browser is closed]]></system-out>
         <system-err><![CDATA[]]></system-err>
      </testcase>
      <testcase name="Test Cases/Data_driven_testing_folder/delivery_adress_tc_003" time="9.141" classname="Test Cases/Data_driven_testing_folder/delivery_adress_tc_003" status="PASSED">
         <system-out><![CDATA[26-01-2024T18:18:06 - [TEST_CASE][PASSED] - Test Cases/Data_driven_testing_folder/delivery_adress_tc_003: Test Cases/Data_driven_testing_folder/delivery_adress_tc_003

26-01-2024T18:18:06 - [TEST_STEP][PASSED] - Start listener action : sampleBeforeTestCase: Navigate to 'https://www.amazon.in/' successfully

26-01-2024T18:18:06 - [TEST_STEP][PASSED] - openBrowser(""): Browser is opened with url: ''

26-01-2024T18:18:06 - [MESSAGE][INFO] - Starting 'Chrome' driver

26-01-2024T18:18:06 - [MESSAGE][INFO] - Action delay is set to 0 milliseconds

26-01-2024T18:18:07 - [MESSAGE][PASSED] - Browser is opened with url: ''

26-01-2024T18:18:07 - [TEST_STEP][PASSED] - navigateToUrl("https://www.amazon.in/"): Navigate to 'https://www.amazon.in/' successfully

26-01-2024T18:18:11 - [MESSAGE][PASSED] - Navigate to 'https://www.amazon.in/' successfully

26-01-2024T18:18:11 - [TEST_STEP][PASSED] - click(findTestObject("Object Repository/Page_Online Shopping site in India Shop Onl_10c5f3/span_Update location")): Object: 'Object Repository/Page_Online Shopping site in India Shop Onl_10c5f3/span_Update location' is clicked on

26-01-2024T18:18:12 - [MESSAGE][PASSED] - Object: 'Object Repository/Page_Online Shopping site in India Shop Onl_10c5f3/span_Update location' is clicked on

26-01-2024T18:18:12 - [TEST_STEP][PASSED] - setText(findTestObject("Object Repository/Page_Online Shopping site in India Shop Onl_10c5f3/inputGLUXZipUpdateInput"), pincode): Text '533101' is set on object 'Object Repository/Page_Online Shopping site in India Shop Onl_10c5f3/inputGLUXZipUpdateInput'

26-01-2024T18:18:14 - [MESSAGE][PASSED] - Text '533101' is set on object 'Object Repository/Page_Online Shopping site in India Shop Onl_10c5f3/inputGLUXZipUpdateInput'

26-01-2024T18:18:14 - [TEST_STEP][PASSED] - click(findTestObject("Object Repository/Page_Online Shopping site in India Shop Onl_10c5f3/input_a-button-input")): Object: 'Object Repository/Page_Online Shopping site in India Shop Onl_10c5f3/input_a-button-input' is clicked on

26-01-2024T18:18:14 - [MESSAGE][PASSED] - Object: 'Object Repository/Page_Online Shopping site in India Shop Onl_10c5f3/input_a-button-input' is clicked on

26-01-2024T18:18:14 - [TEST_STEP][PASSED] - Start listener action : sampleAfterTestCase: Browser is closed

26-01-2024T18:18:14 - [TEST_STEP][PASSED] - closeBrowser(): Browser is closed

26-01-2024T18:18:15 - [MESSAGE][PASSED] - Browser is closed]]></system-out>
         <system-err><![CDATA[]]></system-err>
      </testcase>
      <testcase name="Test Cases/Data_driven_testing_folder/delivery_adress_tc_003" time="7.95" classname="Test Cases/Data_driven_testing_folder/delivery_adress_tc_003" status="PASSED">
         <system-out><![CDATA[26-01-2024T18:18:15 - [TEST_CASE][PASSED] - Test Cases/Data_driven_testing_folder/delivery_adress_tc_003: Test Cases/Data_driven_testing_folder/delivery_adress_tc_003

26-01-2024T18:18:15 - [TEST_STEP][PASSED] - Start listener action : sampleBeforeTestCase: Navigate to 'https://www.amazon.in/' successfully

26-01-2024T18:18:15 - [TEST_STEP][PASSED] - openBrowser(""): Browser is opened with url: ''

26-01-2024T18:18:15 - [MESSAGE][INFO] - Starting 'Chrome' driver

26-01-2024T18:18:15 - [MESSAGE][INFO] - Action delay is set to 0 milliseconds

26-01-2024T18:18:17 - [MESSAGE][PASSED] - Browser is opened with url: ''

26-01-2024T18:18:17 - [TEST_STEP][PASSED] - navigateToUrl("https://www.amazon.in/"): Navigate to 'https://www.amazon.in/' successfully

26-01-2024T18:18:19 - [MESSAGE][PASSED] - Navigate to 'https://www.amazon.in/' successfully

26-01-2024T18:18:19 - [TEST_STEP][PASSED] - click(findTestObject("Object Repository/Page_Online Shopping site in India Shop Onl_10c5f3/span_Update location")): Object: 'Object Repository/Page_Online Shopping site in India Shop Onl_10c5f3/span_Update location' is clicked on

26-01-2024T18:18:20 - [MESSAGE][PASSED] - Object: 'Object Repository/Page_Online Shopping site in India Shop Onl_10c5f3/span_Update location' is clicked on

26-01-2024T18:18:20 - [TEST_STEP][PASSED] - setText(findTestObject("Object Repository/Page_Online Shopping site in India Shop Onl_10c5f3/inputGLUXZipUpdateInput"), pincode): Text '533245' is set on object 'Object Repository/Page_Online Shopping site in India Shop Onl_10c5f3/inputGLUXZipUpdateInput'

26-01-2024T18:18:22 - [MESSAGE][PASSED] - Text '533245' is set on object 'Object Repository/Page_Online Shopping site in India Shop Onl_10c5f3/inputGLUXZipUpdateInput'

26-01-2024T18:18:22 - [TEST_STEP][PASSED] - click(findTestObject("Object Repository/Page_Online Shopping site in India Shop Onl_10c5f3/input_a-button-input")): Object: 'Object Repository/Page_Online Shopping site in India Shop Onl_10c5f3/input_a-button-input' is clicked on

26-01-2024T18:18:22 - [MESSAGE][PASSED] - Object: 'Object Repository/Page_Online Shopping site in India Shop Onl_10c5f3/input_a-button-input' is clicked on

26-01-2024T18:18:22 - [TEST_STEP][PASSED] - Start listener action : sampleAfterTestCase: Browser is closed

26-01-2024T18:18:22 - [TEST_STEP][PASSED] - closeBrowser(): Browser is closed

26-01-2024T18:18:23 - [MESSAGE][PASSED] - Browser is closed]]></system-out>
         <system-err><![CDATA[]]></system-err>
      </testcase>
      <system-out><![CDATA[26-01-2024T18:17:27 - [TEST_SUITE][PASSED] - deliveryadress_ts_003: Test Cases/Data_driven_testing_folder/delivery_adress_tc_003]]></system-out>
      <system-err><![CDATA[]]></system-err>
   </testsuite>
</testsuites>
