<?xml version="1.0" encoding="UTF-8"?>
<testsuites name="country_ts_005" time="68.604" tests="4" failures="0" errors="0">
   <testsuite name="country_ts_005" tests="4" failures="0" errors="0" time="68.604" skipped="0" timestamp="26-01-2024T18:17:05" hostname="cheta - 192.168.1.36" id="Test Suites/data_driven_testing_ts_folder/country_ts_005">
      <properties>
         <property name="deviceName" value=""/>
         <property name="devicePlatform" value=""/>
         <property name="logFolder" value="C:\\Users\\cheta\\git\\SI-GuidedProject-705826-1704943913\\SI-GuidedProject-705826-1704943913\\SI-GuidedProject-705826-1704943913\\Reports\\20240126_181631\\data_driven_testing_ts_folder\\country_ts_005\\20240126_181638"/>
         <property name="logFiles" value="C:\\Users\\cheta\\git\\SI-GuidedProject-705826-1704943913\\SI-GuidedProject-705826-1704943913\\SI-GuidedProject-705826-1704943913\\Reports\\20240126_181631\\data_driven_testing_ts_folder\\country_ts_005\\20240126_181638\\execution0.log"/>
         <property name="attachments" value=""/>
         <property name="hostName" value="cheta - 192.168.1.36"/>
         <property name="os" value="Windows 11 64bit"/>
         <property name="katalonVersion" value="9.1.0.212"/>
         <property name="browser" value="Chrome 120.0.0.0"/>
         <property name="hostAddress" value="192.168.1.36"/>
         <property name="sessionId" value="3709ea59eb87182534e19681dd4fb28d"/>
         <property name="seleniumVersion" value="3.141.59"/>
         <property name="proxyInformation" value="ProxyInformation { proxyOption=NO_PROXY, proxyServerType=HTTP, username=, password=********, proxyServerAddress=, proxyServerPort=0, executionList=&quot;&quot;, isApplyToDesiredCapabilities=true }"/>
         <property name="platform" value="Windows 11"/>
      </properties>
      <testcase name="Test Cases/variable_testcase_folder/global_variable_country_tc_010" time="24.245" classname="Test Cases/variable_testcase_folder/global_variable_country_tc_010" status="PASSED">
         <system-out><![CDATA[26-01-2024T18:17:06 - [TEST_CASE][PASSED] - Test Cases/variable_testcase_folder/global_variable_country_tc_010: Test Cases/variable_testcase_folder/global_variable_country_tc_010

26-01-2024T18:17:06 - [TEST_STEP][PASSED] - Start listener action : sampleBeforeTestCase: Navigate to 'https://www.amazon.in/' successfully

26-01-2024T18:17:06 - [TEST_STEP][PASSED] - openBrowser(""): Browser is opened with url: ''

26-01-2024T18:17:07 - [MESSAGE][INFO] - Starting 'Chrome' driver

26-01-2024T18:17:07 - [MESSAGE][INFO] - Action delay is set to 0 milliseconds

26-01-2024T18:17:13 - [MESSAGE][PASSED] - Browser is opened with url: ''

26-01-2024T18:17:13 - [TEST_STEP][PASSED] - navigateToUrl("https://www.amazon.in/"): Navigate to 'https://www.amazon.in/' successfully

26-01-2024T18:17:14 - [MESSAGE][PASSED] - Navigate to 'https://www.amazon.in/' successfully

26-01-2024T18:17:15 - [TEST_STEP][PASSED] - click(findTestObject("Object Repository/country_object/Page_Online Shopping site in India Shop Onl_10c5f3/" + location)): Object: 'Object Repository/country_object/Page_Online Shopping site in India Shop Onl_10c5f3/Australia' is clicked on

26-01-2024T18:17:27 - [MESSAGE][PASSED] - Object: 'Object Repository/country_object/Page_Online Shopping site in India Shop Onl_10c5f3/Australia' is clicked on

26-01-2024T18:17:27 - [TEST_STEP][PASSED] - Start listener action : sampleAfterTestCase: Browser is closed

26-01-2024T18:17:27 - [TEST_STEP][PASSED] - closeBrowser(): Browser is closed

26-01-2024T18:17:30 - [MESSAGE][PASSED] - Browser is closed]]></system-out>
         <system-err><![CDATA[]]></system-err>
      </testcase>
      <testcase name="Test Cases/variable_testcase_folder/global_variable_country_tc_010" time="11.478" classname="Test Cases/variable_testcase_folder/global_variable_country_tc_010" status="PASSED">
         <system-out><![CDATA[26-01-2024T18:17:30 - [TEST_CASE][PASSED] - Test Cases/variable_testcase_folder/global_variable_country_tc_010: Test Cases/variable_testcase_folder/global_variable_country_tc_010

26-01-2024T18:17:31 - [TEST_STEP][PASSED] - Start listener action : sampleBeforeTestCase: Navigate to 'https://www.amazon.in/' successfully

26-01-2024T18:17:31 - [TEST_STEP][PASSED] - openBrowser(""): Browser is opened with url: ''

26-01-2024T18:17:31 - [MESSAGE][INFO] - Starting 'Chrome' driver

26-01-2024T18:17:31 - [MESSAGE][INFO] - Action delay is set to 0 milliseconds

26-01-2024T18:17:33 - [MESSAGE][PASSED] - Browser is opened with url: ''

26-01-2024T18:17:33 - [TEST_STEP][PASSED] - navigateToUrl("https://www.amazon.in/"): Navigate to 'https://www.amazon.in/' successfully

26-01-2024T18:17:35 - [MESSAGE][PASSED] - Navigate to 'https://www.amazon.in/' successfully

26-01-2024T18:17:35 - [TEST_STEP][PASSED] - click(findTestObject("Object Repository/country_object/Page_Online Shopping site in India Shop Onl_10c5f3/" + location)): Object: 'Object Repository/country_object/Page_Online Shopping site in India Shop Onl_10c5f3/Brazil' is clicked on

26-01-2024T18:17:41 - [MESSAGE][PASSED] - Object: 'Object Repository/country_object/Page_Online Shopping site in India Shop Onl_10c5f3/Brazil' is clicked on

26-01-2024T18:17:41 - [TEST_STEP][PASSED] - Start listener action : sampleAfterTestCase: Browser is closed

26-01-2024T18:17:41 - [TEST_STEP][PASSED] - closeBrowser(): Browser is closed

26-01-2024T18:17:42 - [MESSAGE][PASSED] - Browser is closed]]></system-out>
         <system-err><![CDATA[]]></system-err>
      </testcase>
      <testcase name="Test Cases/variable_testcase_folder/global_variable_country_tc_010" time="9.115" classname="Test Cases/variable_testcase_folder/global_variable_country_tc_010" status="PASSED">
         <system-out><![CDATA[26-01-2024T18:17:42 - [TEST_CASE][PASSED] - Test Cases/variable_testcase_folder/global_variable_country_tc_010: Test Cases/variable_testcase_folder/global_variable_country_tc_010

26-01-2024T18:17:42 - [TEST_STEP][PASSED] - Start listener action : sampleBeforeTestCase: Navigate to 'https://www.amazon.in/' successfully

26-01-2024T18:17:42 - [TEST_STEP][PASSED] - openBrowser(""): Browser is opened with url: ''

26-01-2024T18:17:42 - [MESSAGE][INFO] - Starting 'Chrome' driver

26-01-2024T18:17:42 - [MESSAGE][INFO] - Action delay is set to 0 milliseconds

26-01-2024T18:17:44 - [MESSAGE][PASSED] - Browser is opened with url: ''

26-01-2024T18:17:44 - [TEST_STEP][PASSED] - navigateToUrl("https://www.amazon.in/"): Navigate to 'https://www.amazon.in/' successfully

26-01-2024T18:17:46 - [MESSAGE][PASSED] - Navigate to 'https://www.amazon.in/' successfully

26-01-2024T18:17:46 - [TEST_STEP][PASSED] - click(findTestObject("Object Repository/country_object/Page_Online Shopping site in India Shop Onl_10c5f3/" + location)): Object: 'Object Repository/country_object/Page_Online Shopping site in India Shop Onl_10c5f3/Canada' is clicked on

26-01-2024T18:17:51 - [MESSAGE][PASSED] - Object: 'Object Repository/country_object/Page_Online Shopping site in India Shop Onl_10c5f3/Canada' is clicked on

26-01-2024T18:17:51 - [TEST_STEP][PASSED] - Start listener action : sampleAfterTestCase: Browser is closed

26-01-2024T18:17:51 - [TEST_STEP][PASSED] - closeBrowser(): Browser is closed

26-01-2024T18:17:51 - [MESSAGE][PASSED] - Browser is closed]]></system-out>
         <system-err><![CDATA[]]></system-err>
      </testcase>
      <testcase name="Test Cases/variable_testcase_folder/global_variable_country_tc_010" time="22.871" classname="Test Cases/variable_testcase_folder/global_variable_country_tc_010" status="PASSED">
         <system-out><![CDATA[26-01-2024T18:17:51 - [TEST_CASE][PASSED] - Test Cases/variable_testcase_folder/global_variable_country_tc_010: Test Cases/variable_testcase_folder/global_variable_country_tc_010

26-01-2024T18:17:51 - [TEST_STEP][PASSED] - Start listener action : sampleBeforeTestCase: Navigate to 'https://www.amazon.in/' successfully

26-01-2024T18:17:51 - [TEST_STEP][PASSED] - openBrowser(""): Browser is opened with url: ''

26-01-2024T18:17:51 - [MESSAGE][INFO] - Starting 'Chrome' driver

26-01-2024T18:17:51 - [MESSAGE][INFO] - Action delay is set to 0 milliseconds

26-01-2024T18:17:53 - [MESSAGE][PASSED] - Browser is opened with url: ''

26-01-2024T18:17:53 - [TEST_STEP][PASSED] - navigateToUrl("https://www.amazon.in/"): Navigate to 'https://www.amazon.in/' successfully

26-01-2024T18:17:55 - [MESSAGE][PASSED] - Navigate to 'https://www.amazon.in/' successfully

26-01-2024T18:17:55 - [TEST_STEP][PASSED] - click(findTestObject("Object Repository/country_object/Page_Online Shopping site in India Shop Onl_10c5f3/" + location)): Object: 'Object Repository/country_object/Page_Online Shopping site in India Shop Onl_10c5f3/China' is clicked on

26-01-2024T18:18:14 - [MESSAGE][PASSED] - Object: 'Object Repository/country_object/Page_Online Shopping site in India Shop Onl_10c5f3/China' is clicked on

26-01-2024T18:18:14 - [TEST_STEP][PASSED] - Start listener action : sampleAfterTestCase: Browser is closed

26-01-2024T18:18:14 - [TEST_STEP][PASSED] - closeBrowser(): Browser is closed

26-01-2024T18:18:14 - [MESSAGE][PASSED] - Browser is closed]]></system-out>
         <system-err><![CDATA[]]></system-err>
      </testcase>
      <system-out><![CDATA[26-01-2024T18:17:05 - [TEST_SUITE][PASSED] - country_ts_005: Test Cases/variable_testcase_folder/global_variable_country_tc_010]]></system-out>
      <system-err><![CDATA[]]></system-err>
   </testsuite>
</testsuites>
