<?xml version="1.0" encoding="UTF-8"?>
<testsuites name="category_item_ts_002" time="85.26" tests="4" failures="0" errors="0">
   <testsuite name="category_item_ts_002" tests="4" failures="0" errors="0" time="85.26" skipped="0" timestamp="26-01-2024T17:46:41" hostname="cheta - 192.168.1.36" id="Test Suites/data_driven_testing_ts_folder/category_item_ts_002">
      <properties>
         <property name="deviceName" value=""/>
         <property name="devicePlatform" value=""/>
         <property name="logFolder" value="C:\\Users\\cheta\\git\\SI-GuidedProject-705826-1704943913\\SI-GuidedProject-705826-1704943913\\SI-GuidedProject-705826-1704943913\\Reports\\20240126_174604\\data_driven_testing_ts_folder\\category_item_ts_002\\20240126_174609"/>
         <property name="logFiles" value="C:\\Users\\cheta\\git\\SI-GuidedProject-705826-1704943913\\SI-GuidedProject-705826-1704943913\\SI-GuidedProject-705826-1704943913\\Reports\\20240126_174604\\data_driven_testing_ts_folder\\category_item_ts_002\\20240126_174609\\execution0.log"/>
         <property name="attachments" value=""/>
         <property name="hostName" value="cheta - 192.168.1.36"/>
         <property name="os" value="Windows 11 64bit"/>
         <property name="katalonVersion" value="9.1.0.212"/>
         <property name="browser" value="Chrome 120.0.0.0"/>
         <property name="hostAddress" value="192.168.1.36"/>
         <property name="sessionId" value="67724709ac09c8d0b6369d5427b9043e"/>
         <property name="seleniumVersion" value="3.141.59"/>
         <property name="proxyInformation" value="ProxyInformation { proxyOption=NO_PROXY, proxyServerType=HTTP, username=, password=********, proxyServerAddress=, proxyServerPort=0, executionList=&quot;&quot;, isApplyToDesiredCapabilities=true }"/>
         <property name="platform" value="Windows 11"/>
      </properties>
      <testcase name="Test Cases/Data_driven_testing_folder/category_item_tc_002" time="35.062" classname="Test Cases/Data_driven_testing_folder/category_item_tc_002" status="PASSED">
         <system-out><![CDATA[26-01-2024T17:46:42 - [TEST_CASE][PASSED] - Test Cases/Data_driven_testing_folder/category_item_tc_002: Test Cases/Data_driven_testing_folder/category_item_tc_002

26-01-2024T17:46:44 - [TEST_STEP][PASSED] - openBrowser(""): Browser is opened with url: ''

26-01-2024T17:46:46 - [MESSAGE][INFO] - Starting 'Chrome' driver

26-01-2024T17:46:46 - [MESSAGE][INFO] - Action delay is set to 0 milliseconds

26-01-2024T17:46:55 - [MESSAGE][PASSED] - Browser is opened with url: ''

26-01-2024T17:46:55 - [TEST_STEP][PASSED] - navigateToUrl("https://www.amazon.in/"): Navigate to 'https://www.amazon.in/' successfully

26-01-2024T17:46:57 - [MESSAGE][PASSED] - Navigate to 'https://www.amazon.in/' successfully

26-01-2024T17:46:57 - [TEST_STEP][PASSED] - selectOptionByValue(findTestObject("Object Repository/Page_Online Shopping site in India Shop Onl_10c5f3/select_All Categories        Alexa Skills  _59be89"), "search-alias=" + category, true): All options with value 'search-alias=baby' are selected in object 'Object Repository/Page_Online Shopping site in India Shop Onl_10c5f3/select_All Categories        Alexa Skills  _59be89'  using regular expression

26-01-2024T17:47:12 - [MESSAGE][PASSED] - All options with value 'search-alias=baby' are selected in object 'Object Repository/Page_Online Shopping site in India Shop Onl_10c5f3/select_All Categories        Alexa Skills  _59be89'  using regular expression

26-01-2024T17:47:12 - [TEST_STEP][PASSED] - setText(findTestObject("Object Repository/Page_Online Shopping site in India Shop Onl_10c5f3/input_field-keywords"), item): Text 'walker' is set on object 'Object Repository/Page_Online Shopping site in India Shop Onl_10c5f3/input_field-keywords'

26-01-2024T17:47:15 - [MESSAGE][PASSED] - Text 'walker' is set on object 'Object Repository/Page_Online Shopping site in India Shop Onl_10c5f3/input_field-keywords'

26-01-2024T17:47:15 - [TEST_STEP][PASSED] - click(findTestObject("Object Repository/Page_Online Shopping site in India Shop Onl_10c5f3/inputnav-search-submit-button")): Object: 'Object Repository/Page_Online Shopping site in India Shop Onl_10c5f3/inputnav-search-submit-button' is clicked on

26-01-2024T17:47:17 - [MESSAGE][PASSED] - Object: 'Object Repository/Page_Online Shopping site in India Shop Onl_10c5f3/inputnav-search-submit-button' is clicked on]]></system-out>
         <system-err><![CDATA[]]></system-err>
      </testcase>
      <testcase name="Test Cases/Data_driven_testing_folder/category_item_tc_002" time="15.712" classname="Test Cases/Data_driven_testing_folder/category_item_tc_002" status="PASSED">
         <system-out><![CDATA[26-01-2024T17:47:17 - [TEST_CASE][PASSED] - Test Cases/Data_driven_testing_folder/category_item_tc_002: Test Cases/Data_driven_testing_folder/category_item_tc_002

26-01-2024T17:47:17 - [TEST_STEP][PASSED] - openBrowser(""): Browser is opened with url: ''

26-01-2024T17:47:17 - [MESSAGE][WARNING] - A browser is already opened. Closing browser and opening a new one

26-01-2024T17:47:18 - [MESSAGE][INFO] - Starting 'Chrome' driver

26-01-2024T17:47:18 - [MESSAGE][INFO] - Action delay is set to 0 milliseconds

26-01-2024T17:47:21 - [MESSAGE][PASSED] - Browser is opened with url: ''

26-01-2024T17:47:21 - [TEST_STEP][PASSED] - navigateToUrl("https://www.amazon.in/"): Navigate to 'https://www.amazon.in/' successfully

26-01-2024T17:47:24 - [MESSAGE][PASSED] - Navigate to 'https://www.amazon.in/' successfully

26-01-2024T17:47:24 - [TEST_STEP][PASSED] - selectOptionByValue(findTestObject("Object Repository/Page_Online Shopping site in India Shop Onl_10c5f3/select_All Categories        Alexa Skills  _59be89"), "search-alias=" + category, true): All options with value 'search-alias=electronics' are selected in object 'Object Repository/Page_Online Shopping site in India Shop Onl_10c5f3/select_All Categories        Alexa Skills  _59be89'  using regular expression

26-01-2024T17:47:26 - [MESSAGE][PASSED] - All options with value 'search-alias=electronics' are selected in object 'Object Repository/Page_Online Shopping site in India Shop Onl_10c5f3/select_All Categories        Alexa Skills  _59be89'  using regular expression

26-01-2024T17:47:26 - [TEST_STEP][PASSED] - setText(findTestObject("Object Repository/Page_Online Shopping site in India Shop Onl_10c5f3/input_field-keywords"), item): Text 'switch' is set on object 'Object Repository/Page_Online Shopping site in India Shop Onl_10c5f3/input_field-keywords'

26-01-2024T17:47:27 - [MESSAGE][PASSED] - Text 'switch' is set on object 'Object Repository/Page_Online Shopping site in India Shop Onl_10c5f3/input_field-keywords'

26-01-2024T17:47:27 - [TEST_STEP][PASSED] - click(findTestObject("Object Repository/Page_Online Shopping site in India Shop Onl_10c5f3/inputnav-search-submit-button")): Object: 'Object Repository/Page_Online Shopping site in India Shop Onl_10c5f3/inputnav-search-submit-button' is clicked on

26-01-2024T17:47:33 - [MESSAGE][PASSED] - Object: 'Object Repository/Page_Online Shopping site in India Shop Onl_10c5f3/inputnav-search-submit-button' is clicked on]]></system-out>
         <system-err><![CDATA[]]></system-err>
      </testcase>
      <testcase name="Test Cases/Data_driven_testing_folder/category_item_tc_002" time="12.791" classname="Test Cases/Data_driven_testing_folder/category_item_tc_002" status="PASSED">
         <system-out><![CDATA[26-01-2024T17:47:33 - [TEST_CASE][PASSED] - Test Cases/Data_driven_testing_folder/category_item_tc_002: Test Cases/Data_driven_testing_folder/category_item_tc_002

26-01-2024T17:47:33 - [TEST_STEP][PASSED] - openBrowser(""): Browser is opened with url: ''

26-01-2024T17:47:33 - [MESSAGE][WARNING] - A browser is already opened. Closing browser and opening a new one

26-01-2024T17:47:33 - [MESSAGE][INFO] - Starting 'Chrome' driver

26-01-2024T17:47:33 - [MESSAGE][INFO] - Action delay is set to 0 milliseconds

26-01-2024T17:47:35 - [MESSAGE][PASSED] - Browser is opened with url: ''

26-01-2024T17:47:35 - [TEST_STEP][PASSED] - navigateToUrl("https://www.amazon.in/"): Navigate to 'https://www.amazon.in/' successfully

26-01-2024T17:47:36 - [MESSAGE][PASSED] - Navigate to 'https://www.amazon.in/' successfully

26-01-2024T17:47:36 - [TEST_STEP][PASSED] - selectOptionByValue(findTestObject("Object Repository/Page_Online Shopping site in India Shop Onl_10c5f3/select_All Categories        Alexa Skills  _59be89"), "search-alias=" + category, true): All options with value 'search-alias=beauty' are selected in object 'Object Repository/Page_Online Shopping site in India Shop Onl_10c5f3/select_All Categories        Alexa Skills  _59be89'  using regular expression

26-01-2024T17:47:39 - [MESSAGE][PASSED] - All options with value 'search-alias=beauty' are selected in object 'Object Repository/Page_Online Shopping site in India Shop Onl_10c5f3/select_All Categories        Alexa Skills  _59be89'  using regular expression

26-01-2024T17:47:39 - [TEST_STEP][PASSED] - setText(findTestObject("Object Repository/Page_Online Shopping site in India Shop Onl_10c5f3/input_field-keywords"), item): Text 'lip stick' is set on object 'Object Repository/Page_Online Shopping site in India Shop Onl_10c5f3/input_field-keywords'

26-01-2024T17:47:40 - [MESSAGE][PASSED] - Text 'lip stick' is set on object 'Object Repository/Page_Online Shopping site in India Shop Onl_10c5f3/input_field-keywords'

26-01-2024T17:47:40 - [TEST_STEP][PASSED] - click(findTestObject("Object Repository/Page_Online Shopping site in India Shop Onl_10c5f3/inputnav-search-submit-button")): Object: 'Object Repository/Page_Online Shopping site in India Shop Onl_10c5f3/inputnav-search-submit-button' is clicked on

26-01-2024T17:47:46 - [MESSAGE][PASSED] - Object: 'Object Repository/Page_Online Shopping site in India Shop Onl_10c5f3/inputnav-search-submit-button' is clicked on]]></system-out>
         <system-err><![CDATA[]]></system-err>
      </testcase>
      <testcase name="Test Cases/Data_driven_testing_folder/category_item_tc_002" time="20.098" classname="Test Cases/Data_driven_testing_folder/category_item_tc_002" status="PASSED">
         <system-out><![CDATA[26-01-2024T17:47:46 - [TEST_CASE][PASSED] - Test Cases/Data_driven_testing_folder/category_item_tc_002: Test Cases/Data_driven_testing_folder/category_item_tc_002

26-01-2024T17:47:46 - [TEST_STEP][PASSED] - openBrowser(""): Browser is opened with url: ''

26-01-2024T17:47:46 - [MESSAGE][WARNING] - A browser is already opened. Closing browser and opening a new one

26-01-2024T17:47:46 - [MESSAGE][INFO] - Starting 'Chrome' driver

26-01-2024T17:47:46 - [MESSAGE][INFO] - Action delay is set to 0 milliseconds

26-01-2024T17:47:47 - [MESSAGE][PASSED] - Browser is opened with url: ''

26-01-2024T17:47:47 - [TEST_STEP][PASSED] - navigateToUrl("https://www.amazon.in/"): Navigate to 'https://www.amazon.in/' successfully

26-01-2024T17:47:49 - [MESSAGE][PASSED] - Navigate to 'https://www.amazon.in/' successfully

26-01-2024T17:47:49 - [TEST_STEP][PASSED] - selectOptionByValue(findTestObject("Object Repository/Page_Online Shopping site in India Shop Onl_10c5f3/select_All Categories        Alexa Skills  _59be89"), "search-alias=" + category, true): All options with value 'search-alias=watches' are selected in object 'Object Repository/Page_Online Shopping site in India Shop Onl_10c5f3/select_All Categories        Alexa Skills  _59be89'  using regular expression

26-01-2024T17:47:51 - [MESSAGE][PASSED] - All options with value 'search-alias=watches' are selected in object 'Object Repository/Page_Online Shopping site in India Shop Onl_10c5f3/select_All Categories        Alexa Skills  _59be89'  using regular expression

26-01-2024T17:47:51 - [TEST_STEP][PASSED] - setText(findTestObject("Object Repository/Page_Online Shopping site in India Shop Onl_10c5f3/input_field-keywords"), item): Text 'rolex' is set on object 'Object Repository/Page_Online Shopping site in India Shop Onl_10c5f3/input_field-keywords'

26-01-2024T17:47:53 - [MESSAGE][PASSED] - Text 'rolex' is set on object 'Object Repository/Page_Online Shopping site in India Shop Onl_10c5f3/input_field-keywords'

26-01-2024T17:47:53 - [TEST_STEP][PASSED] - click(findTestObject("Object Repository/Page_Online Shopping site in India Shop Onl_10c5f3/inputnav-search-submit-button")): Object: 'Object Repository/Page_Online Shopping site in India Shop Onl_10c5f3/inputnav-search-submit-button' is clicked on

26-01-2024T17:48:06 - [MESSAGE][PASSED] - Object: 'Object Repository/Page_Online Shopping site in India Shop Onl_10c5f3/inputnav-search-submit-button' is clicked on]]></system-out>
         <system-err><![CDATA[]]></system-err>
      </testcase>
      <system-out><![CDATA[26-01-2024T17:46:41 - [TEST_SUITE][PASSED] - category_item_ts_002: Test Cases/Data_driven_testing_folder/category_item_tc_002]]></system-out>
      <system-err><![CDATA[]]></system-err>
   </testsuite>
</testsuites>
