<?xml version="1.0" encoding="UTF-8"?>
<testsuites name="deliveryadress_ts_003" time="67.405" tests="5" failures="0" errors="0">
   <testsuite name="deliveryadress_ts_003" tests="5" failures="0" errors="0" time="67.405" skipped="0" timestamp="26-01-2024T15:22:48" hostname="cheta - 192.168.1.36" id="Test Suites/deliveryadress_ts_003">
      <properties>
         <property name="deviceName" value=""/>
         <property name="devicePlatform" value=""/>
         <property name="logFolder" value="C:\\Users\\cheta\\git\\SI-GuidedProject-705826-1704943913\\SI-GuidedProject-705826-1704943913\\SI-GuidedProject-705826-1704943913\\Reports\\20240126_152241\\deliveryadress_ts_003\\20240126_152241"/>
         <property name="logFiles" value="C:\\Users\\cheta\\git\\SI-GuidedProject-705826-1704943913\\SI-GuidedProject-705826-1704943913\\SI-GuidedProject-705826-1704943913\\Reports\\20240126_152241\\deliveryadress_ts_003\\20240126_152241\\execution0.log"/>
         <property name="attachments" value=""/>
         <property name="hostName" value="cheta - 192.168.1.36"/>
         <property name="os" value="Windows 11 64bit"/>
         <property name="katalonVersion" value="9.1.0.212"/>
         <property name="browser" value="Chrome 120.0.0.0"/>
         <property name="hostAddress" value="192.168.1.36"/>
         <property name="sessionId" value="b611afe07ed2a9141acfbc3ce86bdcad"/>
         <property name="seleniumVersion" value="3.141.59"/>
         <property name="proxyInformation" value="ProxyInformation { proxyOption=NO_PROXY, proxyServerType=HTTP, username=, password=********, proxyServerAddress=, proxyServerPort=0, executionList=&quot;&quot;, isApplyToDesiredCapabilities=true }"/>
         <property name="platform" value="Windows 11"/>
      </properties>
      <testcase name="Test Cases/Data_driven_testing_folder/delivery_adress_tc_003" time="20.067" classname="Test Cases/Data_driven_testing_folder/delivery_adress_tc_003" status="PASSED">
         <system-out><![CDATA[26-01-2024T15:22:48 - [TEST_CASE][PASSED] - Test Cases/Data_driven_testing_folder/delivery_adress_tc_003: Test Cases/Data_driven_testing_folder/delivery_adress_tc_003

26-01-2024T15:22:49 - [TEST_STEP][PASSED] - openBrowser(""): Browser is opened with url: ''

26-01-2024T15:22:49 - [MESSAGE][INFO] - Starting 'Chrome' driver

26-01-2024T15:22:49 - [MESSAGE][INFO] - Action delay is set to 0 milliseconds

26-01-2024T15:22:52 - [MESSAGE][PASSED] - Browser is opened with url: ''

26-01-2024T15:22:52 - [TEST_STEP][PASSED] - navigateToUrl("https://www.amazon.in/"): Navigate to 'https://www.amazon.in/' successfully

26-01-2024T15:22:54 - [MESSAGE][PASSED] - Navigate to 'https://www.amazon.in/' successfully

26-01-2024T15:22:54 - [TEST_STEP][PASSED] - click(findTestObject("Object Repository/Page_Online Shopping site in India Shop Onl_10c5f3/span_Update location")): Object: 'Object Repository/Page_Online Shopping site in India Shop Onl_10c5f3/span_Update location' is clicked on

26-01-2024T15:23:06 - [MESSAGE][PASSED] - Object: 'Object Repository/Page_Online Shopping site in India Shop Onl_10c5f3/span_Update location' is clicked on

26-01-2024T15:23:06 - [TEST_STEP][PASSED] - setText(findTestObject("Object Repository/Page_Online Shopping site in India Shop Onl_10c5f3/inputGLUXZipUpdateInput"), pincode): Text '533291' is set on object 'Object Repository/Page_Online Shopping site in India Shop Onl_10c5f3/inputGLUXZipUpdateInput'

26-01-2024T15:23:08 - [MESSAGE][PASSED] - Text '533291' is set on object 'Object Repository/Page_Online Shopping site in India Shop Onl_10c5f3/inputGLUXZipUpdateInput'

26-01-2024T15:23:08 - [TEST_STEP][PASSED] - click(findTestObject("Object Repository/Page_Online Shopping site in India Shop Onl_10c5f3/input_a-button-input")): Object: 'Object Repository/Page_Online Shopping site in India Shop Onl_10c5f3/input_a-button-input' is clicked on

26-01-2024T15:23:08 - [MESSAGE][PASSED] - Object: 'Object Repository/Page_Online Shopping site in India Shop Onl_10c5f3/input_a-button-input' is clicked on]]></system-out>
         <system-err><![CDATA[]]></system-err>
      </testcase>
      <testcase name="Test Cases/Data_driven_testing_folder/delivery_adress_tc_003" time="7.285" classname="Test Cases/Data_driven_testing_folder/delivery_adress_tc_003" status="PASSED">
         <system-out><![CDATA[26-01-2024T15:23:08 - [TEST_CASE][PASSED] - Test Cases/Data_driven_testing_folder/delivery_adress_tc_003: Test Cases/Data_driven_testing_folder/delivery_adress_tc_003

26-01-2024T15:23:09 - [TEST_STEP][PASSED] - openBrowser(""): Browser is opened with url: ''

26-01-2024T15:23:09 - [MESSAGE][WARNING] - A browser is already opened. Closing browser and opening a new one

26-01-2024T15:23:09 - [MESSAGE][INFO] - Starting 'Chrome' driver

26-01-2024T15:23:09 - [MESSAGE][INFO] - Action delay is set to 0 milliseconds

26-01-2024T15:23:11 - [MESSAGE][PASSED] - Browser is opened with url: ''

26-01-2024T15:23:11 - [TEST_STEP][PASSED] - navigateToUrl("https://www.amazon.in/"): Navigate to 'https://www.amazon.in/' successfully

26-01-2024T15:23:13 - [MESSAGE][PASSED] - Navigate to 'https://www.amazon.in/' successfully

26-01-2024T15:23:13 - [TEST_STEP][PASSED] - click(findTestObject("Object Repository/Page_Online Shopping site in India Shop Onl_10c5f3/span_Update location")): Object: 'Object Repository/Page_Online Shopping site in India Shop Onl_10c5f3/span_Update location' is clicked on

26-01-2024T15:23:14 - [MESSAGE][PASSED] - Object: 'Object Repository/Page_Online Shopping site in India Shop Onl_10c5f3/span_Update location' is clicked on

26-01-2024T15:23:14 - [TEST_STEP][PASSED] - setText(findTestObject("Object Repository/Page_Online Shopping site in India Shop Onl_10c5f3/inputGLUXZipUpdateInput"), pincode): Text '533294' is set on object 'Object Repository/Page_Online Shopping site in India Shop Onl_10c5f3/inputGLUXZipUpdateInput'

26-01-2024T15:23:15 - [MESSAGE][PASSED] - Text '533294' is set on object 'Object Repository/Page_Online Shopping site in India Shop Onl_10c5f3/inputGLUXZipUpdateInput'

26-01-2024T15:23:15 - [TEST_STEP][PASSED] - click(findTestObject("Object Repository/Page_Online Shopping site in India Shop Onl_10c5f3/input_a-button-input")): Object: 'Object Repository/Page_Online Shopping site in India Shop Onl_10c5f3/input_a-button-input' is clicked on

26-01-2024T15:23:16 - [MESSAGE][PASSED] - Object: 'Object Repository/Page_Online Shopping site in India Shop Onl_10c5f3/input_a-button-input' is clicked on]]></system-out>
         <system-err><![CDATA[]]></system-err>
      </testcase>
      <testcase name="Test Cases/Data_driven_testing_folder/delivery_adress_tc_003" time="25.005" classname="Test Cases/Data_driven_testing_folder/delivery_adress_tc_003" status="PASSED">
         <system-out><![CDATA[26-01-2024T15:23:16 - [TEST_CASE][PASSED] - Test Cases/Data_driven_testing_folder/delivery_adress_tc_003: Test Cases/Data_driven_testing_folder/delivery_adress_tc_003

26-01-2024T15:23:16 - [TEST_STEP][PASSED] - openBrowser(""): Browser is opened with url: ''

26-01-2024T15:23:16 - [MESSAGE][WARNING] - A browser is already opened. Closing browser and opening a new one

26-01-2024T15:23:16 - [MESSAGE][INFO] - Starting 'Chrome' driver

26-01-2024T15:23:16 - [MESSAGE][INFO] - Action delay is set to 0 milliseconds

26-01-2024T15:23:18 - [MESSAGE][PASSED] - Browser is opened with url: ''

26-01-2024T15:23:18 - [TEST_STEP][PASSED] - navigateToUrl("https://www.amazon.in/"): Navigate to 'https://www.amazon.in/' successfully

26-01-2024T15:23:19 - [MESSAGE][PASSED] - Navigate to 'https://www.amazon.in/' successfully

26-01-2024T15:23:19 - [TEST_STEP][PASSED] - click(findTestObject("Object Repository/Page_Online Shopping site in India Shop Onl_10c5f3/span_Update location")): Object: 'Object Repository/Page_Online Shopping site in India Shop Onl_10c5f3/span_Update location' is clicked on

26-01-2024T15:23:39 - [MESSAGE][PASSED] - Object: 'Object Repository/Page_Online Shopping site in India Shop Onl_10c5f3/span_Update location' is clicked on

26-01-2024T15:23:39 - [TEST_STEP][PASSED] - setText(findTestObject("Object Repository/Page_Online Shopping site in India Shop Onl_10c5f3/inputGLUXZipUpdateInput"), pincode): Text '533201' is set on object 'Object Repository/Page_Online Shopping site in India Shop Onl_10c5f3/inputGLUXZipUpdateInput'

26-01-2024T15:23:40 - [MESSAGE][PASSED] - Text '533201' is set on object 'Object Repository/Page_Online Shopping site in India Shop Onl_10c5f3/inputGLUXZipUpdateInput'

26-01-2024T15:23:40 - [TEST_STEP][PASSED] - click(findTestObject("Object Repository/Page_Online Shopping site in India Shop Onl_10c5f3/input_a-button-input")): Object: 'Object Repository/Page_Online Shopping site in India Shop Onl_10c5f3/input_a-button-input' is clicked on

26-01-2024T15:23:41 - [MESSAGE][PASSED] - Object: 'Object Repository/Page_Online Shopping site in India Shop Onl_10c5f3/input_a-button-input' is clicked on]]></system-out>
         <system-err><![CDATA[]]></system-err>
      </testcase>
      <testcase name="Test Cases/Data_driven_testing_folder/delivery_adress_tc_003" time="8.313" classname="Test Cases/Data_driven_testing_folder/delivery_adress_tc_003" status="PASSED">
         <system-out><![CDATA[26-01-2024T15:23:41 - [TEST_CASE][PASSED] - Test Cases/Data_driven_testing_folder/delivery_adress_tc_003: Test Cases/Data_driven_testing_folder/delivery_adress_tc_003

26-01-2024T15:23:41 - [TEST_STEP][PASSED] - openBrowser(""): Browser is opened with url: ''

26-01-2024T15:23:41 - [MESSAGE][WARNING] - A browser is already opened. Closing browser and opening a new one

26-01-2024T15:23:41 - [MESSAGE][INFO] - Starting 'Chrome' driver

26-01-2024T15:23:41 - [MESSAGE][INFO] - Action delay is set to 0 milliseconds

26-01-2024T15:23:43 - [MESSAGE][PASSED] - Browser is opened with url: ''

26-01-2024T15:23:43 - [TEST_STEP][PASSED] - navigateToUrl("https://www.amazon.in/"): Navigate to 'https://www.amazon.in/' successfully

26-01-2024T15:23:46 - [MESSAGE][PASSED] - Navigate to 'https://www.amazon.in/' successfully

26-01-2024T15:23:46 - [TEST_STEP][PASSED] - click(findTestObject("Object Repository/Page_Online Shopping site in India Shop Onl_10c5f3/span_Update location")): Object: 'Object Repository/Page_Online Shopping site in India Shop Onl_10c5f3/span_Update location' is clicked on

26-01-2024T15:23:47 - [MESSAGE][PASSED] - Object: 'Object Repository/Page_Online Shopping site in India Shop Onl_10c5f3/span_Update location' is clicked on

26-01-2024T15:23:47 - [TEST_STEP][PASSED] - setText(findTestObject("Object Repository/Page_Online Shopping site in India Shop Onl_10c5f3/inputGLUXZipUpdateInput"), pincode): Text '533101' is set on object 'Object Repository/Page_Online Shopping site in India Shop Onl_10c5f3/inputGLUXZipUpdateInput'

26-01-2024T15:23:48 - [MESSAGE][PASSED] - Text '533101' is set on object 'Object Repository/Page_Online Shopping site in India Shop Onl_10c5f3/inputGLUXZipUpdateInput'

26-01-2024T15:23:48 - [TEST_STEP][PASSED] - click(findTestObject("Object Repository/Page_Online Shopping site in India Shop Onl_10c5f3/input_a-button-input")): Object: 'Object Repository/Page_Online Shopping site in India Shop Onl_10c5f3/input_a-button-input' is clicked on

26-01-2024T15:23:49 - [MESSAGE][PASSED] - Object: 'Object Repository/Page_Online Shopping site in India Shop Onl_10c5f3/input_a-button-input' is clicked on]]></system-out>
         <system-err><![CDATA[]]></system-err>
      </testcase>
      <testcase name="Test Cases/Data_driven_testing_folder/delivery_adress_tc_003" time="6.195" classname="Test Cases/Data_driven_testing_folder/delivery_adress_tc_003" status="PASSED">
         <system-out><![CDATA[26-01-2024T15:23:49 - [TEST_CASE][PASSED] - Test Cases/Data_driven_testing_folder/delivery_adress_tc_003: Test Cases/Data_driven_testing_folder/delivery_adress_tc_003

26-01-2024T15:23:49 - [TEST_STEP][PASSED] - openBrowser(""): Browser is opened with url: ''

26-01-2024T15:23:49 - [MESSAGE][WARNING] - A browser is already opened. Closing browser and opening a new one

26-01-2024T15:23:50 - [MESSAGE][INFO] - Starting 'Chrome' driver

26-01-2024T15:23:50 - [MESSAGE][INFO] - Action delay is set to 0 milliseconds

26-01-2024T15:23:51 - [MESSAGE][PASSED] - Browser is opened with url: ''

26-01-2024T15:23:51 - [TEST_STEP][PASSED] - navigateToUrl("https://www.amazon.in/"): Navigate to 'https://www.amazon.in/' successfully

26-01-2024T15:23:52 - [MESSAGE][PASSED] - Navigate to 'https://www.amazon.in/' successfully

26-01-2024T15:23:52 - [TEST_STEP][PASSED] - click(findTestObject("Object Repository/Page_Online Shopping site in India Shop Onl_10c5f3/span_Update location")): Object: 'Object Repository/Page_Online Shopping site in India Shop Onl_10c5f3/span_Update location' is clicked on

26-01-2024T15:23:53 - [MESSAGE][PASSED] - Object: 'Object Repository/Page_Online Shopping site in India Shop Onl_10c5f3/span_Update location' is clicked on

26-01-2024T15:23:53 - [TEST_STEP][PASSED] - setText(findTestObject("Object Repository/Page_Online Shopping site in India Shop Onl_10c5f3/inputGLUXZipUpdateInput"), pincode): Text '533245' is set on object 'Object Repository/Page_Online Shopping site in India Shop Onl_10c5f3/inputGLUXZipUpdateInput'

26-01-2024T15:23:55 - [MESSAGE][PASSED] - Text '533245' is set on object 'Object Repository/Page_Online Shopping site in India Shop Onl_10c5f3/inputGLUXZipUpdateInput'

26-01-2024T15:23:55 - [TEST_STEP][PASSED] - click(findTestObject("Object Repository/Page_Online Shopping site in India Shop Onl_10c5f3/input_a-button-input")): Object: 'Object Repository/Page_Online Shopping site in India Shop Onl_10c5f3/input_a-button-input' is clicked on

26-01-2024T15:23:55 - [MESSAGE][PASSED] - Object: 'Object Repository/Page_Online Shopping site in India Shop Onl_10c5f3/input_a-button-input' is clicked on]]></system-out>
         <system-err><![CDATA[]]></system-err>
      </testcase>
      <system-out><![CDATA[26-01-2024T15:22:48 - [TEST_SUITE][PASSED] - deliveryadress_ts_003: Test Cases/Data_driven_testing_folder/delivery_adress_tc_003]]></system-out>
      <system-err><![CDATA[]]></system-err>
   </testsuite>
</testsuites>
