<?xml version="1.0" encoding="UTF-8"?>
<testsuites name="login_test_suite_001" time="26.516" tests="1" failures="0" errors="0">
   <testsuite name="login_test_suite_001" tests="1" failures="0" errors="0" time="26.516" skipped="0" timestamp="26-01-2024T17:33:19" hostname="cheta - 192.168.1.36" id="Test Suites/login_testsuite_folder/login_test_suite_001">
      <properties>
         <property name="deviceName" value=""/>
         <property name="devicePlatform" value=""/>
         <property name="logFolder" value="C:\\Users\\cheta\\git\\SI-GuidedProject-705826-1704943913\\SI-GuidedProject-705826-1704943913\\SI-GuidedProject-705826-1704943913\\Reports\\20240126_173208\\login_testsuite_folder\\login_test_suite_001\\20240126_173222"/>
         <property name="logFiles" value="C:\\Users\\cheta\\git\\SI-GuidedProject-705826-1704943913\\SI-GuidedProject-705826-1704943913\\SI-GuidedProject-705826-1704943913\\Reports\\20240126_173208\\login_testsuite_folder\\login_test_suite_001\\20240126_173222\\execution0.log"/>
         <property name="attachments" value=""/>
         <property name="hostName" value="cheta - 192.168.1.36"/>
         <property name="os" value="Windows 11 64bit"/>
         <property name="katalonVersion" value="9.1.0.212"/>
         <property name="browser" value="Chrome 120.0.0.0"/>
         <property name="hostAddress" value="192.168.1.36"/>
         <property name="sessionId" value="ccf002c37a903c201382e584c6642129"/>
         <property name="seleniumVersion" value="3.141.59"/>
         <property name="proxyInformation" value="ProxyInformation { proxyOption=NO_PROXY, proxyServerType=HTTP, username=, password=********, proxyServerAddress=, proxyServerPort=0, executionList=&quot;&quot;, isApplyToDesiredCapabilities=true }"/>
         <property name="platform" value="Windows 11"/>
      </properties>
      <testcase name="Test Cases/login and logout folder/login_tc_001" time="26.117" classname="Test Cases/login and logout folder/login_tc_001" status="PASSED">
         <system-out><![CDATA[26-01-2024T17:33:19 - [TEST_CASE][PASSED] - Test Cases/login and logout folder/login_tc_001: Test Cases/login and logout folder/login_tc_001

26-01-2024T17:33:20 - [TEST_STEP][PASSED] - openBrowser(""): Browser is opened with url: ''

26-01-2024T17:33:21 - [MESSAGE][INFO] - Starting 'Chrome' driver

26-01-2024T17:33:21 - [MESSAGE][INFO] - Action delay is set to 0 milliseconds

26-01-2024T17:33:31 - [MESSAGE][PASSED] - Browser is opened with url: ''

26-01-2024T17:33:31 - [TEST_STEP][PASSED] - navigateToUrl("https://www.amazon.in/"): Navigate to 'https://www.amazon.in/' successfully

26-01-2024T17:33:33 - [MESSAGE][PASSED] - Navigate to 'https://www.amazon.in/' successfully

26-01-2024T17:33:33 - [TEST_STEP][PASSED] - click(findTestObject("Object Repository/Page_Online Shopping site in India Shop Onl_10c5f3/span_Hello, sign in")): Object: 'Object Repository/Page_Online Shopping site in India Shop Onl_10c5f3/span_Hello, sign in' is clicked on

26-01-2024T17:33:37 - [MESSAGE][PASSED] - Object: 'Object Repository/Page_Online Shopping site in India Shop Onl_10c5f3/span_Hello, sign in' is clicked on

26-01-2024T17:33:37 - [TEST_STEP][PASSED] - setText(findTestObject("Object Repository/Page_Amazon Sign In/input_email"), "manideepmudragada9@gmail.com"): Text 'manideepmudragada9@gmail.com' is set on object 'Object Repository/Page_Amazon Sign In/input_email'

26-01-2024T17:33:40 - [MESSAGE][PASSED] - Text 'manideepmudragada9@gmail.com' is set on object 'Object Repository/Page_Amazon Sign In/input_email'

26-01-2024T17:33:40 - [TEST_STEP][PASSED] - click(findTestObject("Object Repository/Page_Amazon Sign In/inputcontinue")): Object: 'Object Repository/Page_Amazon Sign In/inputcontinue' is clicked on

26-01-2024T17:33:43 - [MESSAGE][PASSED] - Object: 'Object Repository/Page_Amazon Sign In/inputcontinue' is clicked on

26-01-2024T17:33:43 - [TEST_STEP][PASSED] - setEncryptedText(findTestObject("Object Repository/Page_Amazon Sign In/input_password"), "UGS/iI2z1DK07+Fzc6T8jw=="): Text ****** has been set on object 'Object Repository/Page_Amazon Sign In/input_password'

26-01-2024T17:33:44 - [MESSAGE][PASSED] - Text ****** has been set on object 'Object Repository/Page_Amazon Sign In/input_password'

26-01-2024T17:33:44 - [TEST_STEP][PASSED] - click(findTestObject("Object Repository/Page_Amazon Sign In/inputsignInSubmit")): Object: 'Object Repository/Page_Amazon Sign In/inputsignInSubmit' is clicked on

26-01-2024T17:33:45 - [MESSAGE][PASSED] - Object: 'Object Repository/Page_Amazon Sign In/inputsignInSubmit' is clicked on]]></system-out>
         <system-err><![CDATA[]]></system-err>
      </testcase>
      <system-out><![CDATA[26-01-2024T17:33:19 - [TEST_SUITE][PASSED] - login_test_suite_001: Test Cases/login and logout folder/login_tc_001]]></system-out>
      <system-err><![CDATA[]]></system-err>
   </testsuite>
</testsuites>
