<?xml version="1.0" encoding="UTF-8"?>
<testsuites name="language_ts_004" time="31.081" tests="4" failures="0" errors="0">
   <testsuite name="language_ts_004" tests="4" failures="0" errors="0" time="31.081" skipped="0" timestamp="26-01-2024T15:41:38" hostname="cheta - 192.168.1.36" id="Test Suites/language_ts_004">
      <properties>
         <property name="deviceName" value=""/>
         <property name="devicePlatform" value=""/>
         <property name="logFolder" value="C:\\Users\\cheta\\git\\SI-GuidedProject-705826-1704943913\\SI-GuidedProject-705826-1704943913\\SI-GuidedProject-705826-1704943913\\Reports\\20240126_154132\\language_ts_004\\20240126_154132"/>
         <property name="logFiles" value="C:\\Users\\cheta\\git\\SI-GuidedProject-705826-1704943913\\SI-GuidedProject-705826-1704943913\\SI-GuidedProject-705826-1704943913\\Reports\\20240126_154132\\language_ts_004\\20240126_154132\\execution0.log"/>
         <property name="attachments" value=""/>
         <property name="hostName" value="cheta - 192.168.1.36"/>
         <property name="os" value="Windows 11 64bit"/>
         <property name="katalonVersion" value="9.1.0.212"/>
         <property name="browser" value="Chrome 120.0.0.0"/>
         <property name="hostAddress" value="192.168.1.36"/>
         <property name="sessionId" value="fc7cdf7b7973f269c60b8b6444310c85"/>
         <property name="seleniumVersion" value="3.141.59"/>
         <property name="proxyInformation" value="ProxyInformation { proxyOption=NO_PROXY, proxyServerType=HTTP, username=, password=********, proxyServerAddress=, proxyServerPort=0, executionList=&quot;&quot;, isApplyToDesiredCapabilities=true }"/>
         <property name="platform" value="Windows 11"/>
      </properties>
      <testcase name="Test Cases/Data_driven_testing_folder/language_tc_004" time="9.034" classname="Test Cases/Data_driven_testing_folder/language_tc_004" status="PASSED">
         <system-out><![CDATA[26-01-2024T15:41:39 - [TEST_CASE][PASSED] - Test Cases/Data_driven_testing_folder/language_tc_004: Test Cases/Data_driven_testing_folder/language_tc_004

26-01-2024T15:41:39 - [TEST_STEP][PASSED] - openBrowser(""): Browser is opened with url: ''

26-01-2024T15:41:39 - [MESSAGE][INFO] - Starting 'Chrome' driver

26-01-2024T15:41:40 - [MESSAGE][INFO] - Action delay is set to 0 milliseconds

26-01-2024T15:41:42 - [MESSAGE][PASSED] - Browser is opened with url: ''

26-01-2024T15:41:42 - [TEST_STEP][PASSED] - navigateToUrl("https://www.amazon.in/"): Navigate to 'https://www.amazon.in/' successfully

26-01-2024T15:41:44 - [MESSAGE][PASSED] - Navigate to 'https://www.amazon.in/' successfully

26-01-2024T15:41:44 - [TEST_STEP][PASSED] - click(findTestObject("Object Repository/Page_Online Shopping site in India Shop Onl_10c5f3/div_EN")): Object: 'Object Repository/Page_Online Shopping site in India Shop Onl_10c5f3/div_EN' is clicked on

26-01-2024T15:41:46 - [MESSAGE][PASSED] - Object: 'Object Repository/Page_Online Shopping site in India Shop Onl_10c5f3/div_EN' is clicked on

26-01-2024T15:41:46 - [TEST_STEP][PASSED] - click(findTestObject("Object Repository/Page_Change Language Settings/" + language)): Object: 'Object Repository/Page_Change Language Settings/Malayalam' is clicked on

26-01-2024T15:41:47 - [MESSAGE][PASSED] - Object: 'Object Repository/Page_Change Language Settings/Malayalam' is clicked on

26-01-2024T15:41:47 - [TEST_STEP][PASSED] - click(findTestObject("Object Repository/Page_Change Language Settings/input_a-button-input")): Object: 'Object Repository/Page_Change Language Settings/input_a-button-input' is clicked on

26-01-2024T15:41:48 - [MESSAGE][PASSED] - Object: 'Object Repository/Page_Change Language Settings/input_a-button-input' is clicked on]]></system-out>
         <system-err><![CDATA[]]></system-err>
      </testcase>
      <testcase name="Test Cases/Data_driven_testing_folder/language_tc_004" time="7.55" classname="Test Cases/Data_driven_testing_folder/language_tc_004" status="PASSED">
         <system-out><![CDATA[26-01-2024T15:41:48 - [TEST_CASE][PASSED] - Test Cases/Data_driven_testing_folder/language_tc_004: Test Cases/Data_driven_testing_folder/language_tc_004

26-01-2024T15:41:48 - [TEST_STEP][PASSED] - openBrowser(""): Browser is opened with url: ''

26-01-2024T15:41:48 - [MESSAGE][WARNING] - A browser is already opened. Closing browser and opening a new one

26-01-2024T15:41:48 - [MESSAGE][INFO] - Starting 'Chrome' driver

26-01-2024T15:41:48 - [MESSAGE][INFO] - Action delay is set to 0 milliseconds

26-01-2024T15:41:49 - [MESSAGE][PASSED] - Browser is opened with url: ''

26-01-2024T15:41:49 - [TEST_STEP][PASSED] - navigateToUrl("https://www.amazon.in/"): Navigate to 'https://www.amazon.in/' successfully

26-01-2024T15:41:51 - [MESSAGE][PASSED] - Navigate to 'https://www.amazon.in/' successfully

26-01-2024T15:41:51 - [TEST_STEP][PASSED] - click(findTestObject("Object Repository/Page_Online Shopping site in India Shop Onl_10c5f3/div_EN")): Object: 'Object Repository/Page_Online Shopping site in India Shop Onl_10c5f3/div_EN' is clicked on

26-01-2024T15:41:53 - [MESSAGE][PASSED] - Object: 'Object Repository/Page_Online Shopping site in India Shop Onl_10c5f3/div_EN' is clicked on

26-01-2024T15:41:53 - [TEST_STEP][PASSED] - click(findTestObject("Object Repository/Page_Change Language Settings/" + language)): Object: 'Object Repository/Page_Change Language Settings/English' is clicked on

26-01-2024T15:41:54 - [MESSAGE][PASSED] - Object: 'Object Repository/Page_Change Language Settings/English' is clicked on

26-01-2024T15:41:54 - [TEST_STEP][PASSED] - click(findTestObject("Object Repository/Page_Change Language Settings/input_a-button-input")): Object: 'Object Repository/Page_Change Language Settings/input_a-button-input' is clicked on

26-01-2024T15:41:55 - [MESSAGE][PASSED] - Object: 'Object Repository/Page_Change Language Settings/input_a-button-input' is clicked on]]></system-out>
         <system-err><![CDATA[]]></system-err>
      </testcase>
      <testcase name="Test Cases/Data_driven_testing_folder/language_tc_004" time="6.889" classname="Test Cases/Data_driven_testing_folder/language_tc_004" status="PASSED">
         <system-out><![CDATA[26-01-2024T15:41:55 - [TEST_CASE][PASSED] - Test Cases/Data_driven_testing_folder/language_tc_004: Test Cases/Data_driven_testing_folder/language_tc_004

26-01-2024T15:41:55 - [TEST_STEP][PASSED] - openBrowser(""): Browser is opened with url: ''

26-01-2024T15:41:55 - [MESSAGE][WARNING] - A browser is already opened. Closing browser and opening a new one

26-01-2024T15:41:56 - [MESSAGE][INFO] - Starting 'Chrome' driver

26-01-2024T15:41:56 - [MESSAGE][INFO] - Action delay is set to 0 milliseconds

26-01-2024T15:41:57 - [MESSAGE][PASSED] - Browser is opened with url: ''

26-01-2024T15:41:57 - [TEST_STEP][PASSED] - navigateToUrl("https://www.amazon.in/"): Navigate to 'https://www.amazon.in/' successfully

26-01-2024T15:41:58 - [MESSAGE][PASSED] - Navigate to 'https://www.amazon.in/' successfully

26-01-2024T15:41:58 - [TEST_STEP][PASSED] - click(findTestObject("Object Repository/Page_Online Shopping site in India Shop Onl_10c5f3/div_EN")): Object: 'Object Repository/Page_Online Shopping site in India Shop Onl_10c5f3/div_EN' is clicked on

26-01-2024T15:42:00 - [MESSAGE][PASSED] - Object: 'Object Repository/Page_Online Shopping site in India Shop Onl_10c5f3/div_EN' is clicked on

26-01-2024T15:42:00 - [TEST_STEP][PASSED] - click(findTestObject("Object Repository/Page_Change Language Settings/" + language)): Object: 'Object Repository/Page_Change Language Settings/Telugu' is clicked on

26-01-2024T15:42:01 - [MESSAGE][PASSED] - Object: 'Object Repository/Page_Change Language Settings/Telugu' is clicked on

26-01-2024T15:42:01 - [TEST_STEP][PASSED] - click(findTestObject("Object Repository/Page_Change Language Settings/input_a-button-input")): Object: 'Object Repository/Page_Change Language Settings/input_a-button-input' is clicked on

26-01-2024T15:42:02 - [MESSAGE][PASSED] - Object: 'Object Repository/Page_Change Language Settings/input_a-button-input' is clicked on]]></system-out>
         <system-err><![CDATA[]]></system-err>
      </testcase>
      <testcase name="Test Cases/Data_driven_testing_folder/language_tc_004" time="7.127" classname="Test Cases/Data_driven_testing_folder/language_tc_004" status="PASSED">
         <system-out><![CDATA[26-01-2024T15:42:02 - [TEST_CASE][PASSED] - Test Cases/Data_driven_testing_folder/language_tc_004: Test Cases/Data_driven_testing_folder/language_tc_004

26-01-2024T15:42:02 - [TEST_STEP][PASSED] - openBrowser(""): Browser is opened with url: ''

26-01-2024T15:42:02 - [MESSAGE][WARNING] - A browser is already opened. Closing browser and opening a new one

26-01-2024T15:42:02 - [MESSAGE][INFO] - Starting 'Chrome' driver

26-01-2024T15:42:02 - [MESSAGE][INFO] - Action delay is set to 0 milliseconds

26-01-2024T15:42:04 - [MESSAGE][PASSED] - Browser is opened with url: ''

26-01-2024T15:42:04 - [TEST_STEP][PASSED] - navigateToUrl("https://www.amazon.in/"): Navigate to 'https://www.amazon.in/' successfully

26-01-2024T15:42:05 - [MESSAGE][PASSED] - Navigate to 'https://www.amazon.in/' successfully

26-01-2024T15:42:05 - [TEST_STEP][PASSED] - click(findTestObject("Object Repository/Page_Online Shopping site in India Shop Onl_10c5f3/div_EN")): Object: 'Object Repository/Page_Online Shopping site in India Shop Onl_10c5f3/div_EN' is clicked on

26-01-2024T15:42:07 - [MESSAGE][PASSED] - Object: 'Object Repository/Page_Online Shopping site in India Shop Onl_10c5f3/div_EN' is clicked on

26-01-2024T15:42:07 - [TEST_STEP][PASSED] - click(findTestObject("Object Repository/Page_Change Language Settings/" + language)): Object: 'Object Repository/Page_Change Language Settings/Tamil' is clicked on

26-01-2024T15:42:08 - [MESSAGE][PASSED] - Object: 'Object Repository/Page_Change Language Settings/Tamil' is clicked on

26-01-2024T15:42:08 - [TEST_STEP][PASSED] - click(findTestObject("Object Repository/Page_Change Language Settings/input_a-button-input")): Object: 'Object Repository/Page_Change Language Settings/input_a-button-input' is clicked on

26-01-2024T15:42:09 - [MESSAGE][PASSED] - Object: 'Object Repository/Page_Change Language Settings/input_a-button-input' is clicked on]]></system-out>
         <system-err><![CDATA[]]></system-err>
      </testcase>
      <system-out><![CDATA[26-01-2024T15:41:38 - [TEST_SUITE][PASSED] - language_ts_004: Test Cases/Data_driven_testing_folder/language_tc_004]]></system-out>
      <system-err><![CDATA[]]></system-err>
   </testsuite>
</testsuites>
