<?xml version="1.0" encoding="UTF-8"?>
<testsuites name="country_ts_005" time="49.164" tests="4" failures="0" errors="0">
   <testsuite name="country_ts_005" tests="4" failures="0" errors="0" time="49.164" skipped="0" timestamp="26-01-2024T15:34:40" hostname="cheta - 192.168.1.36" id="Test Suites/country_ts_005">
      <properties>
         <property name="deviceName" value=""/>
         <property name="devicePlatform" value=""/>
         <property name="logFolder" value="C:\\Users\\cheta\\git\\SI-GuidedProject-705826-1704943913\\SI-GuidedProject-705826-1704943913\\SI-GuidedProject-705826-1704943913\\Reports\\20240126_153434\\country_ts_005\\20240126_153434"/>
         <property name="logFiles" value="C:\\Users\\cheta\\git\\SI-GuidedProject-705826-1704943913\\SI-GuidedProject-705826-1704943913\\SI-GuidedProject-705826-1704943913\\Reports\\20240126_153434\\country_ts_005\\20240126_153434\\execution0.log"/>
         <property name="attachments" value=""/>
         <property name="hostName" value="cheta - 192.168.1.36"/>
         <property name="os" value="Windows 11 64bit"/>
         <property name="katalonVersion" value="9.1.0.212"/>
         <property name="browser" value="Chrome 120.0.0.0"/>
         <property name="hostAddress" value="192.168.1.36"/>
         <property name="sessionId" value="8f393e2cb0d912066c29e0edd3dc5b6a"/>
         <property name="seleniumVersion" value="3.141.59"/>
         <property name="proxyInformation" value="ProxyInformation { proxyOption=NO_PROXY, proxyServerType=HTTP, username=, password=********, proxyServerAddress=, proxyServerPort=0, executionList=&quot;&quot;, isApplyToDesiredCapabilities=true }"/>
         <property name="platform" value="Windows 11"/>
      </properties>
      <testcase name="Test Cases/Data_driven_testing_folder/country_tc_005" time="10.501" classname="Test Cases/Data_driven_testing_folder/country_tc_005" status="PASSED">
         <system-out><![CDATA[26-01-2024T15:34:40 - [TEST_CASE][PASSED] - Test Cases/Data_driven_testing_folder/country_tc_005: Test Cases/Data_driven_testing_folder/country_tc_005

26-01-2024T15:34:41 - [TEST_STEP][PASSED] - openBrowser(""): Browser is opened with url: ''

26-01-2024T15:34:41 - [MESSAGE][INFO] - Starting 'Chrome' driver

26-01-2024T15:34:41 - [MESSAGE][INFO] - Action delay is set to 0 milliseconds

26-01-2024T15:34:44 - [MESSAGE][PASSED] - Browser is opened with url: ''

26-01-2024T15:34:44 - [TEST_STEP][PASSED] - navigateToUrl("https://www.amazon.in/"): Navigate to 'https://www.amazon.in/' successfully

26-01-2024T15:34:47 - [MESSAGE][PASSED] - Navigate to 'https://www.amazon.in/' successfully

26-01-2024T15:34:47 - [TEST_STEP][PASSED] - click(findTestObject("Object Repository/country_object/Page_Online Shopping site in India Shop Onl_10c5f3/" + location)): Object: 'Object Repository/country_object/Page_Online Shopping site in India Shop Onl_10c5f3/Australia' is clicked on

26-01-2024T15:34:51 - [MESSAGE][PASSED] - Object: 'Object Repository/country_object/Page_Online Shopping site in India Shop Onl_10c5f3/Australia' is clicked on]]></system-out>
         <system-err><![CDATA[]]></system-err>
      </testcase>
      <testcase name="Test Cases/Data_driven_testing_folder/country_tc_005" time="18.723" classname="Test Cases/Data_driven_testing_folder/country_tc_005" status="PASSED">
         <system-out><![CDATA[26-01-2024T15:34:51 - [TEST_CASE][PASSED] - Test Cases/Data_driven_testing_folder/country_tc_005: Test Cases/Data_driven_testing_folder/country_tc_005

26-01-2024T15:34:51 - [TEST_STEP][PASSED] - openBrowser(""): Browser is opened with url: ''

26-01-2024T15:34:51 - [MESSAGE][WARNING] - A browser is already opened. Closing browser and opening a new one

26-01-2024T15:34:52 - [MESSAGE][INFO] - Starting 'Chrome' driver

26-01-2024T15:34:52 - [MESSAGE][INFO] - Action delay is set to 0 milliseconds

26-01-2024T15:34:53 - [MESSAGE][PASSED] - Browser is opened with url: ''

26-01-2024T15:34:53 - [TEST_STEP][PASSED] - navigateToUrl("https://www.amazon.in/"): Navigate to 'https://www.amazon.in/' successfully

26-01-2024T15:34:55 - [MESSAGE][PASSED] - Navigate to 'https://www.amazon.in/' successfully

26-01-2024T15:34:55 - [TEST_STEP][PASSED] - click(findTestObject("Object Repository/country_object/Page_Online Shopping site in India Shop Onl_10c5f3/" + location)): Object: 'Object Repository/country_object/Page_Online Shopping site in India Shop Onl_10c5f3/Brazil' is clicked on

26-01-2024T15:35:10 - [MESSAGE][PASSED] - Object: 'Object Repository/country_object/Page_Online Shopping site in India Shop Onl_10c5f3/Brazil' is clicked on]]></system-out>
         <system-err><![CDATA[]]></system-err>
      </testcase>
      <testcase name="Test Cases/Data_driven_testing_folder/country_tc_005" time="8.433" classname="Test Cases/Data_driven_testing_folder/country_tc_005" status="PASSED">
         <system-out><![CDATA[26-01-2024T15:35:10 - [TEST_CASE][PASSED] - Test Cases/Data_driven_testing_folder/country_tc_005: Test Cases/Data_driven_testing_folder/country_tc_005

26-01-2024T15:35:10 - [TEST_STEP][PASSED] - openBrowser(""): Browser is opened with url: ''

26-01-2024T15:35:10 - [MESSAGE][WARNING] - A browser is already opened. Closing browser and opening a new one

26-01-2024T15:35:10 - [MESSAGE][INFO] - Starting 'Chrome' driver

26-01-2024T15:35:10 - [MESSAGE][INFO] - Action delay is set to 0 milliseconds

26-01-2024T15:35:12 - [MESSAGE][PASSED] - Browser is opened with url: ''

26-01-2024T15:35:12 - [TEST_STEP][PASSED] - navigateToUrl("https://www.amazon.in/"): Navigate to 'https://www.amazon.in/' successfully

26-01-2024T15:35:14 - [MESSAGE][PASSED] - Navigate to 'https://www.amazon.in/' successfully

26-01-2024T15:35:14 - [TEST_STEP][PASSED] - click(findTestObject("Object Repository/country_object/Page_Online Shopping site in India Shop Onl_10c5f3/" + location)): Object: 'Object Repository/country_object/Page_Online Shopping site in India Shop Onl_10c5f3/Canada' is clicked on

26-01-2024T15:35:18 - [MESSAGE][PASSED] - Object: 'Object Repository/country_object/Page_Online Shopping site in India Shop Onl_10c5f3/Canada' is clicked on]]></system-out>
         <system-err><![CDATA[]]></system-err>
      </testcase>
      <testcase name="Test Cases/Data_driven_testing_folder/country_tc_005" time="10.944" classname="Test Cases/Data_driven_testing_folder/country_tc_005" status="PASSED">
         <system-out><![CDATA[26-01-2024T15:35:18 - [TEST_CASE][PASSED] - Test Cases/Data_driven_testing_folder/country_tc_005: Test Cases/Data_driven_testing_folder/country_tc_005

26-01-2024T15:35:18 - [TEST_STEP][PASSED] - openBrowser(""): Browser is opened with url: ''

26-01-2024T15:35:18 - [MESSAGE][WARNING] - A browser is already opened. Closing browser and opening a new one

26-01-2024T15:35:19 - [MESSAGE][INFO] - Starting 'Chrome' driver

26-01-2024T15:35:19 - [MESSAGE][INFO] - Action delay is set to 0 milliseconds

26-01-2024T15:35:20 - [MESSAGE][PASSED] - Browser is opened with url: ''

26-01-2024T15:35:20 - [TEST_STEP][PASSED] - navigateToUrl("https://www.amazon.in/"): Navigate to 'https://www.amazon.in/' successfully

26-01-2024T15:35:22 - [MESSAGE][PASSED] - Navigate to 'https://www.amazon.in/' successfully

26-01-2024T15:35:22 - [TEST_STEP][PASSED] - click(findTestObject("Object Repository/country_object/Page_Online Shopping site in India Shop Onl_10c5f3/" + location)): Object: 'Object Repository/country_object/Page_Online Shopping site in India Shop Onl_10c5f3/China' is clicked on

26-01-2024T15:35:29 - [MESSAGE][PASSED] - Object: 'Object Repository/country_object/Page_Online Shopping site in India Shop Onl_10c5f3/China' is clicked on]]></system-out>
         <system-err><![CDATA[]]></system-err>
      </testcase>
      <system-out><![CDATA[26-01-2024T15:34:40 - [TEST_SUITE][PASSED] - country_ts_005: Test Cases/Data_driven_testing_folder/country_tc_005]]></system-out>
      <system-err><![CDATA[]]></system-err>
   </testsuite>
</testsuites>
