<?xml version="1.0" encoding="UTF-8"?>
<testsuites name="category_item_ts_002" time="73.077" tests="4" failures="0" errors="0">
   <testsuite name="category_item_ts_002" tests="4" failures="0" errors="0" time="73.077" skipped="0" timestamp="26-01-2024T17:57:51" hostname="cheta - 192.168.1.36" id="Test Suites/data_driven_testing_ts_folder/category_item_ts_002">
      <properties>
         <property name="deviceName" value=""/>
         <property name="devicePlatform" value=""/>
         <property name="logFolder" value="C:\\Users\\cheta\\git\\SI-GuidedProject-705826-1704943913\\SI-GuidedProject-705826-1704943913\\SI-GuidedProject-705826-1704943913\\Reports\\20240126_175747\\data_driven_testing_ts_folder\\category_item_ts_002\\20240126_175747"/>
         <property name="logFiles" value="C:\\Users\\cheta\\git\\SI-GuidedProject-705826-1704943913\\SI-GuidedProject-705826-1704943913\\SI-GuidedProject-705826-1704943913\\Reports\\20240126_175747\\data_driven_testing_ts_folder\\category_item_ts_002\\20240126_175747\\execution0.log"/>
         <property name="attachments" value=""/>
         <property name="hostName" value="cheta - 192.168.1.36"/>
         <property name="os" value="Windows 11 64bit"/>
         <property name="katalonVersion" value="9.1.0.212"/>
         <property name="browser" value="Chrome 120.0.0.0"/>
         <property name="hostAddress" value="192.168.1.36"/>
         <property name="sessionId" value="7418f8251daa3e6857dfc94c46c64d09"/>
         <property name="seleniumVersion" value="3.141.59"/>
         <property name="proxyInformation" value="ProxyInformation { proxyOption=NO_PROXY, proxyServerType=HTTP, username=, password=********, proxyServerAddress=, proxyServerPort=0, executionList=&quot;&quot;, isApplyToDesiredCapabilities=true }"/>
         <property name="platform" value="Windows 11"/>
      </properties>
      <testcase name="Test Cases/Data_driven_testing_folder/category_item_tc_002" time="25.366" classname="Test Cases/Data_driven_testing_folder/category_item_tc_002" status="PASSED">
         <system-out><![CDATA[26-01-2024T17:57:51 - [TEST_CASE][PASSED] - Test Cases/Data_driven_testing_folder/category_item_tc_002: Test Cases/Data_driven_testing_folder/category_item_tc_002

26-01-2024T17:57:51 - [TEST_STEP][PASSED] - Start listener action : sampleBeforeTestCase: Navigate to 'https://www.amazon.in/' successfully

26-01-2024T17:57:51 - [TEST_STEP][PASSED] - openBrowser(""): Browser is opened with url: ''

26-01-2024T17:57:52 - [MESSAGE][INFO] - Starting 'Chrome' driver

26-01-2024T17:57:52 - [MESSAGE][INFO] - Action delay is set to 0 milliseconds

26-01-2024T17:57:54 - [MESSAGE][PASSED] - Browser is opened with url: ''

26-01-2024T17:57:54 - [TEST_STEP][PASSED] - navigateToUrl("https://www.amazon.in/"): Navigate to 'https://www.amazon.in/' successfully

26-01-2024T17:57:55 - [MESSAGE][PASSED] - Navigate to 'https://www.amazon.in/' successfully

26-01-2024T17:57:55 - [TEST_STEP][PASSED] - selectOptionByValue(findTestObject("Object Repository/Page_Online Shopping site in India Shop Onl_10c5f3/select_All Categories        Alexa Skills  _59be89"), "search-alias=" + category, true): All options with value 'search-alias=baby' are selected in object 'Object Repository/Page_Online Shopping site in India Shop Onl_10c5f3/select_All Categories        Alexa Skills  _59be89'  using regular expression

26-01-2024T17:58:06 - [MESSAGE][PASSED] - All options with value 'search-alias=baby' are selected in object 'Object Repository/Page_Online Shopping site in India Shop Onl_10c5f3/select_All Categories        Alexa Skills  _59be89'  using regular expression

26-01-2024T17:58:06 - [TEST_STEP][PASSED] - setText(findTestObject("Object Repository/Page_Online Shopping site in India Shop Onl_10c5f3/input_field-keywords"), item): Text 'walker' is set on object 'Object Repository/Page_Online Shopping site in India Shop Onl_10c5f3/input_field-keywords'

26-01-2024T17:58:07 - [MESSAGE][PASSED] - Text 'walker' is set on object 'Object Repository/Page_Online Shopping site in India Shop Onl_10c5f3/input_field-keywords'

26-01-2024T17:58:07 - [TEST_STEP][PASSED] - click(findTestObject("Object Repository/Page_Online Shopping site in India Shop Onl_10c5f3/inputnav-search-submit-button")): Object: 'Object Repository/Page_Online Shopping site in India Shop Onl_10c5f3/inputnav-search-submit-button' is clicked on

26-01-2024T17:58:16 - [MESSAGE][PASSED] - Object: 'Object Repository/Page_Online Shopping site in India Shop Onl_10c5f3/inputnav-search-submit-button' is clicked on

26-01-2024T17:58:16 - [TEST_STEP][PASSED] - Start listener action : sampleAfterTestCase: Browser is closed

26-01-2024T17:58:16 - [TEST_STEP][PASSED] - closeBrowser(): Browser is closed

26-01-2024T17:58:17 - [MESSAGE][PASSED] - Browser is closed]]></system-out>
         <system-err><![CDATA[]]></system-err>
      </testcase>
      <testcase name="Test Cases/Data_driven_testing_folder/category_item_tc_002" time="10.343" classname="Test Cases/Data_driven_testing_folder/category_item_tc_002" status="PASSED">
         <system-out><![CDATA[26-01-2024T17:58:17 - [TEST_CASE][PASSED] - Test Cases/Data_driven_testing_folder/category_item_tc_002: Test Cases/Data_driven_testing_folder/category_item_tc_002

26-01-2024T17:58:17 - [TEST_STEP][PASSED] - Start listener action : sampleBeforeTestCase: Navigate to 'https://www.amazon.in/' successfully

26-01-2024T17:58:17 - [TEST_STEP][PASSED] - openBrowser(""): Browser is opened with url: ''

26-01-2024T17:58:17 - [MESSAGE][INFO] - Starting 'Chrome' driver

26-01-2024T17:58:17 - [MESSAGE][INFO] - Action delay is set to 0 milliseconds

26-01-2024T17:58:18 - [MESSAGE][PASSED] - Browser is opened with url: ''

26-01-2024T17:58:18 - [TEST_STEP][PASSED] - navigateToUrl("https://www.amazon.in/"): Navigate to 'https://www.amazon.in/' successfully

26-01-2024T17:58:19 - [MESSAGE][PASSED] - Navigate to 'https://www.amazon.in/' successfully

26-01-2024T17:58:19 - [TEST_STEP][PASSED] - selectOptionByValue(findTestObject("Object Repository/Page_Online Shopping site in India Shop Onl_10c5f3/select_All Categories        Alexa Skills  _59be89"), "search-alias=" + category, true): All options with value 'search-alias=electronics' are selected in object 'Object Repository/Page_Online Shopping site in India Shop Onl_10c5f3/select_All Categories        Alexa Skills  _59be89'  using regular expression

26-01-2024T17:58:21 - [MESSAGE][PASSED] - All options with value 'search-alias=electronics' are selected in object 'Object Repository/Page_Online Shopping site in India Shop Onl_10c5f3/select_All Categories        Alexa Skills  _59be89'  using regular expression

26-01-2024T17:58:21 - [TEST_STEP][PASSED] - setText(findTestObject("Object Repository/Page_Online Shopping site in India Shop Onl_10c5f3/input_field-keywords"), item): Text 'switch' is set on object 'Object Repository/Page_Online Shopping site in India Shop Onl_10c5f3/input_field-keywords'

26-01-2024T17:58:22 - [MESSAGE][PASSED] - Text 'switch' is set on object 'Object Repository/Page_Online Shopping site in India Shop Onl_10c5f3/input_field-keywords'

26-01-2024T17:58:22 - [TEST_STEP][PASSED] - click(findTestObject("Object Repository/Page_Online Shopping site in India Shop Onl_10c5f3/inputnav-search-submit-button")): Object: 'Object Repository/Page_Online Shopping site in India Shop Onl_10c5f3/inputnav-search-submit-button' is clicked on

26-01-2024T17:58:27 - [MESSAGE][PASSED] - Object: 'Object Repository/Page_Online Shopping site in India Shop Onl_10c5f3/inputnav-search-submit-button' is clicked on

26-01-2024T17:58:27 - [TEST_STEP][PASSED] - Start listener action : sampleAfterTestCase: Browser is closed

26-01-2024T17:58:27 - [TEST_STEP][PASSED] - closeBrowser(): Browser is closed

26-01-2024T17:58:27 - [MESSAGE][PASSED] - Browser is closed]]></system-out>
         <system-err><![CDATA[]]></system-err>
      </testcase>
      <testcase name="Test Cases/Data_driven_testing_folder/category_item_tc_002" time="11.686" classname="Test Cases/Data_driven_testing_folder/category_item_tc_002" status="PASSED">
         <system-out><![CDATA[26-01-2024T17:58:27 - [TEST_CASE][PASSED] - Test Cases/Data_driven_testing_folder/category_item_tc_002: Test Cases/Data_driven_testing_folder/category_item_tc_002

26-01-2024T17:58:27 - [TEST_STEP][PASSED] - Start listener action : sampleBeforeTestCase: Navigate to 'https://www.amazon.in/' successfully

26-01-2024T17:58:27 - [TEST_STEP][PASSED] - openBrowser(""): Browser is opened with url: ''

26-01-2024T17:58:27 - [MESSAGE][INFO] - Starting 'Chrome' driver

26-01-2024T17:58:27 - [MESSAGE][INFO] - Action delay is set to 0 milliseconds

26-01-2024T17:58:28 - [MESSAGE][PASSED] - Browser is opened with url: ''

26-01-2024T17:58:28 - [TEST_STEP][PASSED] - navigateToUrl("https://www.amazon.in/"): Navigate to 'https://www.amazon.in/' successfully

26-01-2024T17:58:30 - [MESSAGE][PASSED] - Navigate to 'https://www.amazon.in/' successfully

26-01-2024T17:58:30 - [TEST_STEP][PASSED] - selectOptionByValue(findTestObject("Object Repository/Page_Online Shopping site in India Shop Onl_10c5f3/select_All Categories        Alexa Skills  _59be89"), "search-alias=" + category, true): All options with value 'search-alias=beauty' are selected in object 'Object Repository/Page_Online Shopping site in India Shop Onl_10c5f3/select_All Categories        Alexa Skills  _59be89'  using regular expression

26-01-2024T17:58:31 - [MESSAGE][PASSED] - All options with value 'search-alias=beauty' are selected in object 'Object Repository/Page_Online Shopping site in India Shop Onl_10c5f3/select_All Categories        Alexa Skills  _59be89'  using regular expression

26-01-2024T17:58:31 - [TEST_STEP][PASSED] - setText(findTestObject("Object Repository/Page_Online Shopping site in India Shop Onl_10c5f3/input_field-keywords"), item): Text 'lip stick' is set on object 'Object Repository/Page_Online Shopping site in India Shop Onl_10c5f3/input_field-keywords'

26-01-2024T17:58:32 - [MESSAGE][PASSED] - Text 'lip stick' is set on object 'Object Repository/Page_Online Shopping site in India Shop Onl_10c5f3/input_field-keywords'

26-01-2024T17:58:32 - [TEST_STEP][PASSED] - click(findTestObject("Object Repository/Page_Online Shopping site in India Shop Onl_10c5f3/inputnav-search-submit-button")): Object: 'Object Repository/Page_Online Shopping site in India Shop Onl_10c5f3/inputnav-search-submit-button' is clicked on

26-01-2024T17:58:39 - [MESSAGE][PASSED] - Object: 'Object Repository/Page_Online Shopping site in India Shop Onl_10c5f3/inputnav-search-submit-button' is clicked on

26-01-2024T17:58:39 - [TEST_STEP][PASSED] - Start listener action : sampleAfterTestCase: Browser is closed

26-01-2024T17:58:39 - [TEST_STEP][PASSED] - closeBrowser(): Browser is closed

26-01-2024T17:58:39 - [MESSAGE][PASSED] - Browser is closed]]></system-out>
         <system-err><![CDATA[]]></system-err>
      </testcase>
      <testcase name="Test Cases/Data_driven_testing_folder/category_item_tc_002" time="25.286" classname="Test Cases/Data_driven_testing_folder/category_item_tc_002" status="PASSED">
         <system-out><![CDATA[26-01-2024T17:58:39 - [TEST_CASE][PASSED] - Test Cases/Data_driven_testing_folder/category_item_tc_002: Test Cases/Data_driven_testing_folder/category_item_tc_002

26-01-2024T17:58:39 - [TEST_STEP][PASSED] - Start listener action : sampleBeforeTestCase: Navigate to 'https://www.amazon.in/' successfully

26-01-2024T17:58:39 - [TEST_STEP][PASSED] - openBrowser(""): Browser is opened with url: ''

26-01-2024T17:58:39 - [MESSAGE][INFO] - Starting 'Chrome' driver

26-01-2024T17:58:39 - [MESSAGE][INFO] - Action delay is set to 0 milliseconds

26-01-2024T17:58:40 - [MESSAGE][PASSED] - Browser is opened with url: ''

26-01-2024T17:58:40 - [TEST_STEP][PASSED] - navigateToUrl("https://www.amazon.in/"): Navigate to 'https://www.amazon.in/' successfully

26-01-2024T17:58:41 - [MESSAGE][PASSED] - Navigate to 'https://www.amazon.in/' successfully

26-01-2024T17:58:41 - [TEST_STEP][PASSED] - selectOptionByValue(findTestObject("Object Repository/Page_Online Shopping site in India Shop Onl_10c5f3/select_All Categories        Alexa Skills  _59be89"), "search-alias=" + category, true): All options with value 'search-alias=watches' are selected in object 'Object Repository/Page_Online Shopping site in India Shop Onl_10c5f3/select_All Categories        Alexa Skills  _59be89'  using regular expression

26-01-2024T17:58:51 - [MESSAGE][PASSED] - All options with value 'search-alias=watches' are selected in object 'Object Repository/Page_Online Shopping site in India Shop Onl_10c5f3/select_All Categories        Alexa Skills  _59be89'  using regular expression

26-01-2024T17:58:51 - [TEST_STEP][PASSED] - setText(findTestObject("Object Repository/Page_Online Shopping site in India Shop Onl_10c5f3/input_field-keywords"), item): Text 'rolex' is set on object 'Object Repository/Page_Online Shopping site in India Shop Onl_10c5f3/input_field-keywords'

26-01-2024T17:58:52 - [MESSAGE][PASSED] - Text 'rolex' is set on object 'Object Repository/Page_Online Shopping site in India Shop Onl_10c5f3/input_field-keywords'

26-01-2024T17:58:52 - [TEST_STEP][PASSED] - click(findTestObject("Object Repository/Page_Online Shopping site in India Shop Onl_10c5f3/inputnav-search-submit-button")): Object: 'Object Repository/Page_Online Shopping site in India Shop Onl_10c5f3/inputnav-search-submit-button' is clicked on

26-01-2024T17:59:04 - [MESSAGE][PASSED] - Object: 'Object Repository/Page_Online Shopping site in India Shop Onl_10c5f3/inputnav-search-submit-button' is clicked on

26-01-2024T17:59:04 - [TEST_STEP][PASSED] - Start listener action : sampleAfterTestCase: Browser is closed

26-01-2024T17:59:04 - [TEST_STEP][PASSED] - closeBrowser(): Browser is closed

26-01-2024T17:59:04 - [MESSAGE][PASSED] - Browser is closed]]></system-out>
         <system-err><![CDATA[]]></system-err>
      </testcase>
      <system-out><![CDATA[26-01-2024T17:57:51 - [TEST_SUITE][PASSED] - category_item_ts_002: Test Cases/Data_driven_testing_folder/category_item_tc_002]]></system-out>
      <system-err><![CDATA[]]></system-err>
   </testsuite>
</testsuites>
